callback=http://bshare.cnmhid=1234publisherUuid=5a38b99e-576c-48b3-a383-facf7fc86505site=sinaminiblogts=13517507300007ec6e6a0-d15e-42d7-9d0a-d0ca2b246ebb
callback=http://bshare.cnmhid=1234publisherUuid=5a38b99e-576c-48b3-a383-facf7fc86505site=renrents=13517507300007ec6e6a0-d15e-42d7-9d0a-d0ca2b246ebb
callback=http://bshare.cnmhid=1234publisherUuid=5a38b99e-576c-48b3-a383-facf7fc86505site=qqmbts=13517507300007ec6e6a0-d15e-42d7-9d0a-d0ca2b246ebb
apts=1351751012apvuid=20880028767505157ec6e6a0-d15e-42d7-9d0a-d0ca2b246ebb
apts=1351751015apvuid=20880028767505157ec6e6a0-d15e-42d7-9d0a-d0ca2b246ebb
apts=1351751016apvuid=20880028767505157ec6e6a0-d15e-42d7-9d0a-d0ca2b246ebb
callback=http://bshare.cnmhid=1234publisherUuid=5a38b99e-576c-48b3-a383-facf7fc86505site=sinaminiblogts=13517511900007ec6e6a0-d15e-42d7-9d0a-d0ca2b246ebb
callback=http://bshare.cnmhid=1234publisherUuid=5a38b99e-576c-48b3-a383-facf7fc86505site=renrents=13517511900007ec6e6a0-d15e-42d7-9d0a-d0ca2b246ebb
callback=http://bshare.cnmhid=1234publisherUuid=5a38b99e-576c-48b3-a383-facf7fc86505site=qqmbts=13517511900007ec6e6a0-d15e-42d7-9d0a-d0ca2b246ebb
callback=http://bshare.cnmhid=1234publisherUuid=5a38b99e-576c-48b3-a383-facf7fc86505site=sinaminiblogts=13517522610007ec6e6a0-d15e-42d7-9d0a-d0ca2b246ebb
callback=http://bshare.cnmhid=1234publisherUuid=5a38b99e-576c-48b3-a383-facf7fc86505site=renrents=13517522610007ec6e6a0-d15e-42d7-9d0a-d0ca2b246ebb
callback=http://bshare.cnmhid=1234publisherUuid=5a38b99e-576c-48b3-a383-facf7fc86505site=qqmbts=13517522610007ec6e6a0-d15e-42d7-9d0a-d0ca2b246ebb
callback=http://bshare.cnmhid=1234publisherUuid=5a38b99e-576c-48b3-a383-facf7fc86505site=sinaminiblogts=13517526780007ec6e6a0-d15e-42d7-9d0a-d0ca2b246ebb
callback=http://bshare.cnmhid=1234publisherUuid=5a38b99e-576c-48b3-a383-facf7fc86505site=sinaminiblogts=13517527920007ec6e6a0-d15e-42d7-9d0a-d0ca2b246ebb
callback=http://bshare.cnmhid=1234publisherUuid=5a38b99e-576c-48b3-a383-facf7fc86505sig=b8c3fd771dae94f2f9627ae632d1a085site=sinaminiblogts=13517527920007ec6e6a0-d15e-42d7-9d0a-d0ca2b246ebb
callback=http://bshare.cnmhid=1234publisherUuid=5a38b99e-576c-48b3-a383-facf7fc86505site=renrents=13517527920007ec6e6a0-d15e-42d7-9d0a-d0ca2b246ebb
callback=http://bshare.cnmhid=1234publisherUuid=5a38b99e-576c-48b3-a383-facf7fc86505sig=414b5838a36bae7e908768c7dbfe3b08site=renrents=13517527920007ec6e6a0-d15e-42d7-9d0a-d0ca2b246ebb
callback=http://bshare.cnmhid=1234publisherUuid=5a38b99e-576c-48b3-a383-facf7fc86505site=qqmbts=13517527920007ec6e6a0-d15e-42d7-9d0a-d0ca2b246ebb
callback=http://bshare.cnmhid=1234publisherUuid=5a38b99e-576c-48b3-a383-facf7fc86505sig=6fae693fa3f05fa57f53713e9a464207site=qqmbts=13517527920007ec6e6a0-d15e-42d7-9d0a-d0ca2b246ebb
callback=http://bshare.cnmhid=1234publisherUuid=5a38b99e-576c-48b3-a383-facf7fc86505site=sinaminiblogts=13517528100007ec6e6a0-d15e-42d7-9d0a-d0ca2b246ebb
callback=http://bshare.cnmhid=1234publisherUuid=5a38b99e-576c-48b3-a383-facf7fc86505sig=62f664d749dd40e7be85c6b1778edba8site=sinaminiblogts=13517528100007ec6e6a0-d15e-42d7-9d0a-d0ca2b246ebb
callback=http://bshare.cnmhid=1234publisherUuid=5a38b99e-576c-48b3-a383-facf7fc86505site=renrents=13517528100007ec6e6a0-d15e-42d7-9d0a-d0ca2b246ebb
callback=http://bshare.cnmhid=1234publisherUuid=5a38b99e-576c-48b3-a383-facf7fc86505sig=aadc9fbf757813d19c3c5adaf2c6e0casite=renrents=13517528100007ec6e6a0-d15e-42d7-9d0a-d0ca2b246ebb
callback=http://bshare.cnmhid=1234publisherUuid=5a38b99e-576c-48b3-a383-facf7fc86505site=qqmbts=13517528100007ec6e6a0-d15e-42d7-9d0a-d0ca2b246ebb
callback=http://bshare.cnmhid=1234publisherUuid=5a38b99e-576c-48b3-a383-facf7fc86505sig=071b87a1ddd24708f581226da48f5813site=qqmbts=13517528100007ec6e6a0-d15e-42d7-9d0a-d0ca2b246ebb
callback=http://bshare.cnmhid=1234publisherUuid=5a38b99e-576c-48b3-a383-facf7fc86505site=sinaminiblogts=13517528270007ec6e6a0-d15e-42d7-9d0a-d0ca2b246ebb
callback=http://bshare.cnmhid=1234publisherUuid=5a38b99e-576c-48b3-a383-facf7fc86505sig=5194e2cb33500efa1b084e74f5742637site=sinaminiblogts=13517528270007ec6e6a0-d15e-42d7-9d0a-d0ca2b246ebb
callback=http://bshare.cnmhid=1234publisherUuid=5a38b99e-576c-48b3-a383-facf7fc86505site=renrents=13517528270007ec6e6a0-d15e-42d7-9d0a-d0ca2b246ebb
callback=http://bshare.cnmhid=1234publisherUuid=5a38b99e-576c-48b3-a383-facf7fc86505sig=4c8517acb8bf5d016eaea533c65acf6esite=renrents=13517528270007ec6e6a0-d15e-42d7-9d0a-d0ca2b246ebb
callback=http://bshare.cnmhid=1234publisherUuid=5a38b99e-576c-48b3-a383-facf7fc86505site=qqmbts=13517528270007ec6e6a0-d15e-42d7-9d0a-d0ca2b246ebb
callback=http://bshare.cnmhid=1234publisherUuid=5a38b99e-576c-48b3-a383-facf7fc86505sig=24d94097d293bae1d9c6100a68f78402site=qqmbts=13517528270007ec6e6a0-d15e-42d7-9d0a-d0ca2b246ebb
callback=http://bshare.cnmhid=1234publisherUuid=e2272e96-311e-493a-ac48-4f4d31e58af9site=sinaminiblogts=13517529890003037299e-3932-45f9-8a8c-cc93e249c117
callback=http://bshare.cnmhid=1234publisherUuid=5a38b99e-576c-48b3-a383-facf7fc86505site=sinaminiblogts=13517529890007ec6e6a0-d15e-42d7-9d0a-d0ca2b246ebb
callback=http://bshare.cnmhid=1234publisherUuid=e2272e96-311e-493a-ac48-4f4d31e58af9site=renrents=13517529890003037299e-3932-45f9-8a8c-cc93e249c117
callback=http://bshare.cnmhid=1234publisherUuid=5a38b99e-576c-48b3-a383-facf7fc86505site=renrents=13517529890007ec6e6a0-d15e-42d7-9d0a-d0ca2b246ebb
callback=http://bshare.cnmhid=1234publisherUuid=e2272e96-311e-493a-ac48-4f4d31e58af9site=qqmbts=13517529890003037299e-3932-45f9-8a8c-cc93e249c117
callback=http://bshare.cnmhid=1234publisherUuid=5a38b99e-576c-48b3-a383-facf7fc86505site=qqmbts=13517529890007ec6e6a0-d15e-42d7-9d0a-d0ca2b246ebb
callback=http://bshare.cnmhid=1234publisherUuid=e2272e96-311e-493a-ac48-4f4d31e58af9site=sinaminiblogts=13517530620003037299e-3932-45f9-8a8c-cc93e249c117
callback=http://bshare.cnmhid=1234publisherUuid=5a38b99e-576c-48b3-a383-facf7fc86505site=sinaminiblogts=13517530620007ec6e6a0-d15e-42d7-9d0a-d0ca2b246ebb
callback=http://bshare.cnmhid=1234publisherUuid=e2272e96-311e-493a-ac48-4f4d31e58af9site=renrents=13517530620003037299e-3932-45f9-8a8c-cc93e249c117
callback=http://bshare.cnmhid=1234publisherUuid=5a38b99e-576c-48b3-a383-facf7fc86505site=renrents=13517530620007ec6e6a0-d15e-42d7-9d0a-d0ca2b246ebb
callback=http://bshare.cnmhid=1234publisherUuid=e2272e96-311e-493a-ac48-4f4d31e58af9site=qqmbts=13517530620003037299e-3932-45f9-8a8c-cc93e249c117
callback=http://bshare.cnmhid=1234publisherUuid=5a38b99e-576c-48b3-a383-facf7fc86505site=qqmbts=13517530620007ec6e6a0-d15e-42d7-9d0a-d0ca2b246ebb
callback=http://bshare.cnmhid=1234publisherUuid=e2272e96-311e-493a-ac48-4f4d31e58af9site=sinaminiblogts=13517530910003037299e-3932-45f9-8a8c-cc93e249c117
callback=http://bshare.cnmhid=1234publisherUuid=5a38b99e-576c-48b3-a383-facf7fc86505site=sinaminiblogts=13517530910007ec6e6a0-d15e-42d7-9d0a-d0ca2b246ebb
callback=http://bshare.cnmhid=1234publisherUuid=e2272e96-311e-493a-ac48-4f4d31e58af9site=renrents=13517530910003037299e-3932-45f9-8a8c-cc93e249c117
callback=http://bshare.cnmhid=1234publisherUuid=5a38b99e-576c-48b3-a383-facf7fc86505site=renrents=13517530910007ec6e6a0-d15e-42d7-9d0a-d0ca2b246ebb
callback=http://bshare.cnmhid=1234publisherUuid=e2272e96-311e-493a-ac48-4f4d31e58af9site=qqmbts=13517530910003037299e-3932-45f9-8a8c-cc93e249c117
callback=http://bshare.cnmhid=1234publisherUuid=5a38b99e-576c-48b3-a383-facf7fc86505site=qqmbts=13517530910007ec6e6a0-d15e-42d7-9d0a-d0ca2b246ebb
apts=1351753223apvuid=20880028767505153037299e-3932-45f9-8a8c-cc93e249c117
callback=http://bshare.cnmhid=1234publisherUuid=e2272e96-311e-493a-ac48-4f4d31e58af9site=sinaminiblogts=13517532960003037299e-3932-45f9-8a8c-cc93e249c117
callback=http://bshare.cnmhid=1234publisherUuid=5a38b99e-576c-48b3-a383-facf7fc86505site=sinaminiblogts=13517532960007ec6e6a0-d15e-42d7-9d0a-d0ca2b246ebb
callback=http://bshare.cnmhid=1234publisherUuid=e2272e96-311e-493a-ac48-4f4d31e58af9site=renrents=13517532960003037299e-3932-45f9-8a8c-cc93e249c117
callback=http://bshare.cnmhid=1234publisherUuid=5a38b99e-576c-48b3-a383-facf7fc86505site=renrents=13517532960007ec6e6a0-d15e-42d7-9d0a-d0ca2b246ebb
callback=http://bshare.cnmhid=1234publisherUuid=e2272e96-311e-493a-ac48-4f4d31e58af9site=qqmbts=13517532960003037299e-3932-45f9-8a8c-cc93e249c117
callback=http://bshare.cnmhid=1234publisherUuid=5a38b99e-576c-48b3-a383-facf7fc86505site=qqmbts=13517532960007ec6e6a0-d15e-42d7-9d0a-d0ca2b246ebb
callback=http://bshare.cnmhid=1234publisherUuid=e2272e96-311e-493a-ac48-4f4d31e58af9site=sinaminiblogts=13517589300003037299e-3932-45f9-8a8c-cc93e249c117
callback=http://bshare.cnmhid=1234publisherUuid=5a38b99e-576c-48b3-a383-facf7fc86505site=sinaminiblogts=13517589300007ec6e6a0-d15e-42d7-9d0a-d0ca2b246ebb
callback=http://bshare.cnmhid=1234publisherUuid=e2272e96-311e-493a-ac48-4f4d31e58af9site=renrents=13517589300003037299e-3932-45f9-8a8c-cc93e249c117
callback=http://bshare.cnmhid=1234publisherUuid=5a38b99e-576c-48b3-a383-facf7fc86505site=renrents=13517589300007ec6e6a0-d15e-42d7-9d0a-d0ca2b246ebb
callback=http://bshare.cnmhid=1234publisherUuid=e2272e96-311e-493a-ac48-4f4d31e58af9site=qqmbts=13517589300003037299e-3932-45f9-8a8c-cc93e249c117
callback=http://bshare.cnmhid=1234publisherUuid=5a38b99e-576c-48b3-a383-facf7fc86505site=qqmbts=13517589300007ec6e6a0-d15e-42d7-9d0a-d0ca2b246ebb
callback=http://bshare.cnmhid=1234publisherUuid=e2272e96-311e-493a-ac48-4f4d31e58af9site=sinaminiblogts=13517593350003037299e-3932-45f9-8a8c-cc93e249c117
callback=http://bshare.cnmhid=1234publisherUuid=5a38b99e-576c-48b3-a383-facf7fc86505site=sinaminiblogts=13517593350007ec6e6a0-d15e-42d7-9d0a-d0ca2b246ebb
callback=http://bshare.cnmhid=1234publisherUuid=e2272e96-311e-493a-ac48-4f4d31e58af9site=renrents=13517593350003037299e-3932-45f9-8a8c-cc93e249c117
callback=http://bshare.cnmhid=1234publisherUuid=5a38b99e-576c-48b3-a383-facf7fc86505site=renrents=13517593350007ec6e6a0-d15e-42d7-9d0a-d0ca2b246ebb
callback=http://bshare.cnmhid=1234publisherUuid=e2272e96-311e-493a-ac48-4f4d31e58af9site=qqmbts=13517593350003037299e-3932-45f9-8a8c-cc93e249c117
callback=http://bshare.cnmhid=1234publisherUuid=5a38b99e-576c-48b3-a383-facf7fc86505site=qqmbts=13517593350007ec6e6a0-d15e-42d7-9d0a-d0ca2b246ebb
callback=http://bshare.cnmhid=1234publisherUuid=e2272e96-311e-493a-ac48-4f4d31e58af9site=sinaminiblogts=13517595990003037299e-3932-45f9-8a8c-cc93e249c117
callback=http://bshare.cnmhid=1234publisherUuid=5a38b99e-576c-48b3-a383-facf7fc86505site=sinaminiblogts=13517595990007ec6e6a0-d15e-42d7-9d0a-d0ca2b246ebb
callback=http://bshare.cnmhid=1234publisherUuid=e2272e96-311e-493a-ac48-4f4d31e58af9site=renrents=13517595990003037299e-3932-45f9-8a8c-cc93e249c117
callback=http://bshare.cnmhid=1234publisherUuid=5a38b99e-576c-48b3-a383-facf7fc86505site=renrents=13517595990007ec6e6a0-d15e-42d7-9d0a-d0ca2b246ebb
callback=http://bshare.cnmhid=1234publisherUuid=e2272e96-311e-493a-ac48-4f4d31e58af9site=qqmbts=13517595990003037299e-3932-45f9-8a8c-cc93e249c117
callback=http://bshare.cnmhid=1234publisherUuid=5a38b99e-576c-48b3-a383-facf7fc86505site=qqmbts=13517595990007ec6e6a0-d15e-42d7-9d0a-d0ca2b246ebb
callback=http://bshare.cnmhid=1234publisherUuid=e2272e96-311e-493a-ac48-4f4d31e58af9site=sinaminiblogts=13517597020003037299e-3932-45f9-8a8c-cc93e249c117
callback=http://bshare.cnmhid=1234publisherUuid=5a38b99e-576c-48b3-a383-facf7fc86505site=sinaminiblogts=13517597020007ec6e6a0-d15e-42d7-9d0a-d0ca2b246ebb
callback=http://bshare.cnmhid=1234publisherUuid=e2272e96-311e-493a-ac48-4f4d31e58af9site=renrents=13517597020003037299e-3932-45f9-8a8c-cc93e249c117
callback=http://bshare.cnmhid=1234publisherUuid=5a38b99e-576c-48b3-a383-facf7fc86505site=renrents=13517597020007ec6e6a0-d15e-42d7-9d0a-d0ca2b246ebb
callback=http://bshare.cnmhid=1234publisherUuid=e2272e96-311e-493a-ac48-4f4d31e58af9site=qqmbts=13517597020003037299e-3932-45f9-8a8c-cc93e249c117
callback=http://bshare.cnmhid=1234publisherUuid=5a38b99e-576c-48b3-a383-facf7fc86505site=qqmbts=13517597020007ec6e6a0-d15e-42d7-9d0a-d0ca2b246ebb
callback=http://bshare.cnmhid=1234publisherUuid=e2272e96-311e-493a-ac48-4f4d31e58af9site=sinaminiblogts=13517599320003037299e-3932-45f9-8a8c-cc93e249c117
callback=http://bshare.cnmhid=1234publisherUuid=5a38b99e-576c-48b3-a383-facf7fc86505site=sinaminiblogts=13517599320007ec6e6a0-d15e-42d7-9d0a-d0ca2b246ebb
callback=http://bshare.cnmhid=1234publisherUuid=e2272e96-311e-493a-ac48-4f4d31e58af9site=renrents=13517599320003037299e-3932-45f9-8a8c-cc93e249c117
callback=http://bshare.cnmhid=1234publisherUuid=5a38b99e-576c-48b3-a383-facf7fc86505site=renrents=13517599320007ec6e6a0-d15e-42d7-9d0a-d0ca2b246ebb
callback=http://bshare.cnmhid=1234publisherUuid=e2272e96-311e-493a-ac48-4f4d31e58af9site=qqmbts=13517599320003037299e-3932-45f9-8a8c-cc93e249c117
callback=http://bshare.cnmhid=1234publisherUuid=5a38b99e-576c-48b3-a383-facf7fc86505site=qqmbts=13517599320007ec6e6a0-d15e-42d7-9d0a-d0ca2b246ebb
callback=http://bshare.cnmhid=1234publisherUuid=e2272e96-311e-493a-ac48-4f4d31e58af9site=sinaminiblogts=13517599340003037299e-3932-45f9-8a8c-cc93e249c117
callback=http://bshare.cnmhid=1234publisherUuid=5a38b99e-576c-48b3-a383-facf7fc86505site=sinaminiblogts=13517599340007ec6e6a0-d15e-42d7-9d0a-d0ca2b246ebb
callback=http://bshare.cnmhid=1234publisherUuid=e2272e96-311e-493a-ac48-4f4d31e58af9site=renrents=13517599340003037299e-3932-45f9-8a8c-cc93e249c117
callback=http://bshare.cnmhid=1234publisherUuid=5a38b99e-576c-48b3-a383-facf7fc86505site=renrents=13517599340007ec6e6a0-d15e-42d7-9d0a-d0ca2b246ebb
callback=http://bshare.cnmhid=1234publisherUuid=e2272e96-311e-493a-ac48-4f4d31e58af9site=qqmbts=13517599340003037299e-3932-45f9-8a8c-cc93e249c117
callback=http://bshare.cnmhid=1234publisherUuid=5a38b99e-576c-48b3-a383-facf7fc86505site=qqmbts=13517599340007ec6e6a0-d15e-42d7-9d0a-d0ca2b246ebb
callback=http://bshare.cnmhid=1234publisherUuid=e2272e96-311e-493a-ac48-4f4d31e58af9site=sinaminiblogts=13517601490003037299e-3932-45f9-8a8c-cc93e249c117
callback=http://bshare.cnmhid=1234publisherUuid=5a38b99e-576c-48b3-a383-facf7fc86505site=sinaminiblogts=13517601490007ec6e6a0-d15e-42d7-9d0a-d0ca2b246ebb
callback=http://bshare.cnmhid=1234publisherUuid=e2272e96-311e-493a-ac48-4f4d31e58af9site=renrents=13517601490003037299e-3932-45f9-8a8c-cc93e249c117
callback=http://bshare.cnmhid=1234publisherUuid=5a38b99e-576c-48b3-a383-facf7fc86505site=renrents=13517601490007ec6e6a0-d15e-42d7-9d0a-d0ca2b246ebb
callback=http://bshare.cnmhid=1234publisherUuid=e2272e96-311e-493a-ac48-4f4d31e58af9site=qqmbts=13517601490003037299e-3932-45f9-8a8c-cc93e249c117
callback=http://bshare.cnmhid=1234publisherUuid=5a38b99e-576c-48b3-a383-facf7fc86505site=qqmbts=13517601490007ec6e6a0-d15e-42d7-9d0a-d0ca2b246ebb
callback=http://bshare.cnmhid=1234publisherUuid=e2272e96-311e-493a-ac48-4f4d31e58af9site=sinaminiblogts=13517607300003037299e-3932-45f9-8a8c-cc93e249c117
callback=http://bshare.cnmhid=1234publisherUuid=5a38b99e-576c-48b3-a383-facf7fc86505site=sinaminiblogts=13517607300007ec6e6a0-d15e-42d7-9d0a-d0ca2b246ebb
callback=http://bshare.cnmhid=1234publisherUuid=e2272e96-311e-493a-ac48-4f4d31e58af9site=renrents=13517607300003037299e-3932-45f9-8a8c-cc93e249c117
callback=http://bshare.cnmhid=1234publisherUuid=5a38b99e-576c-48b3-a383-facf7fc86505site=renrents=13517607300007ec6e6a0-d15e-42d7-9d0a-d0ca2b246ebb
callback=http://bshare.cnmhid=1234publisherUuid=e2272e96-311e-493a-ac48-4f4d31e58af9site=qqmbts=13517607300003037299e-3932-45f9-8a8c-cc93e249c117
callback=http://bshare.cnmhid=1234publisherUuid=5a38b99e-576c-48b3-a383-facf7fc86505site=qqmbts=13517607300007ec6e6a0-d15e-42d7-9d0a-d0ca2b246ebb
callback=http://bshare.cnmhid=1234publisherUuid=e2272e96-311e-493a-ac48-4f4d31e58af9site=sinaminiblogts=13517609670003037299e-3932-45f9-8a8c-cc93e249c117
callback=http://bshare.cnmhid=1234publisherUuid=5a38b99e-576c-48b3-a383-facf7fc86505site=sinaminiblogts=13517609670007ec6e6a0-d15e-42d7-9d0a-d0ca2b246ebb
callback=http://bshare.cnmhid=1234publisherUuid=e2272e96-311e-493a-ac48-4f4d31e58af9site=renrents=13517609670003037299e-3932-45f9-8a8c-cc93e249c117
callback=http://bshare.cnmhid=1234publisherUuid=5a38b99e-576c-48b3-a383-facf7fc86505site=renrents=13517609670007ec6e6a0-d15e-42d7-9d0a-d0ca2b246ebb
callback=http://bshare.cnmhid=1234publisherUuid=e2272e96-311e-493a-ac48-4f4d31e58af9site=qqmbts=13517609670003037299e-3932-45f9-8a8c-cc93e249c117
callback=http://bshare.cnmhid=1234publisherUuid=5a38b99e-576c-48b3-a383-facf7fc86505site=qqmbts=13517609670007ec6e6a0-d15e-42d7-9d0a-d0ca2b246ebb
callback=http://bshare.cnmhid=1234publisherUuid=e2272e96-311e-493a-ac48-4f4d31e58af9site=sinaminiblogts=13517610740003037299e-3932-45f9-8a8c-cc93e249c117
callback=http://bshare.cnmhid=1234publisherUuid=5a38b99e-576c-48b3-a383-facf7fc86505site=sinaminiblogts=13517610740007ec6e6a0-d15e-42d7-9d0a-d0ca2b246ebb
callback=http://bshare.cnmhid=1234publisherUuid=e2272e96-311e-493a-ac48-4f4d31e58af9site=renrents=13517610740003037299e-3932-45f9-8a8c-cc93e249c117
callback=http://bshare.cnmhid=1234publisherUuid=5a38b99e-576c-48b3-a383-facf7fc86505site=renrents=13517610740007ec6e6a0-d15e-42d7-9d0a-d0ca2b246ebb
callback=http://bshare.cnmhid=1234publisherUuid=e2272e96-311e-493a-ac48-4f4d31e58af9site=qqmbts=13517610740003037299e-3932-45f9-8a8c-cc93e249c117
callback=http://bshare.cnmhid=1234publisherUuid=5a38b99e-576c-48b3-a383-facf7fc86505site=qqmbts=13517610740007ec6e6a0-d15e-42d7-9d0a-d0ca2b246ebb
callback=http://bshare.cnmhid=1234publisherUuid=e2272e96-311e-493a-ac48-4f4d31e58af9site=sinaminiblogts=13517611960003037299e-3932-45f9-8a8c-cc93e249c117
callback=http://bshare.cnmhid=1234publisherUuid=5a38b99e-576c-48b3-a383-facf7fc86505site=sinaminiblogts=13517611960007ec6e6a0-d15e-42d7-9d0a-d0ca2b246ebb
callback=http://bshare.cnmhid=1234publisherUuid=e2272e96-311e-493a-ac48-4f4d31e58af9site=renrents=13517611960003037299e-3932-45f9-8a8c-cc93e249c117
callback=http://bshare.cnmhid=1234publisherUuid=5a38b99e-576c-48b3-a383-facf7fc86505site=renrents=13517611960007ec6e6a0-d15e-42d7-9d0a-d0ca2b246ebb
callback=http://bshare.cnmhid=1234publisherUuid=e2272e96-311e-493a-ac48-4f4d31e58af9site=qqmbts=13517611960003037299e-3932-45f9-8a8c-cc93e249c117
callback=http://bshare.cnmhid=1234publisherUuid=5a38b99e-576c-48b3-a383-facf7fc86505site=qqmbts=13517611960007ec6e6a0-d15e-42d7-9d0a-d0ca2b246ebb
callback=http://bshare.cnmhid=1234publisherUuid=e2272e96-311e-493a-ac48-4f4d31e58af9site=sinaminiblogts=13517612540003037299e-3932-45f9-8a8c-cc93e249c117
callback=http://bshare.cnmhid=1234publisherUuid=5a38b99e-576c-48b3-a383-facf7fc86505site=sinaminiblogts=13517612540007ec6e6a0-d15e-42d7-9d0a-d0ca2b246ebb
callback=http://bshare.cnmhid=1234publisherUuid=e2272e96-311e-493a-ac48-4f4d31e58af9site=renrents=13517612540003037299e-3932-45f9-8a8c-cc93e249c117
callback=http://bshare.cnmhid=1234publisherUuid=5a38b99e-576c-48b3-a383-facf7fc86505site=renrents=13517612540007ec6e6a0-d15e-42d7-9d0a-d0ca2b246ebb
callback=http://bshare.cnmhid=1234publisherUuid=e2272e96-311e-493a-ac48-4f4d31e58af9site=qqmbts=13517612540003037299e-3932-45f9-8a8c-cc93e249c117
callback=http://bshare.cnmhid=1234publisherUuid=5a38b99e-576c-48b3-a383-facf7fc86505site=qqmbts=13517612540007ec6e6a0-d15e-42d7-9d0a-d0ca2b246ebb
callback=http://bshare.cnmhid=1234publisherUuid=e2272e96-311e-493a-ac48-4f4d31e58af9site=sinaminiblogts=13517613240003037299e-3932-45f9-8a8c-cc93e249c117
callback=http://bshare.cnmhid=1234publisherUuid=5a38b99e-576c-48b3-a383-facf7fc86505site=sinaminiblogts=13517613240007ec6e6a0-d15e-42d7-9d0a-d0ca2b246ebb
callback=http://bshare.cnmhid=1234publisherUuid=e2272e96-311e-493a-ac48-4f4d31e58af9site=renrents=13517613240003037299e-3932-45f9-8a8c-cc93e249c117
callback=http://bshare.cnmhid=1234publisherUuid=5a38b99e-576c-48b3-a383-facf7fc86505site=renrents=13517613240007ec6e6a0-d15e-42d7-9d0a-d0ca2b246ebb
callback=http://bshare.cnmhid=1234publisherUuid=e2272e96-311e-493a-ac48-4f4d31e58af9site=qqmbts=13517613240003037299e-3932-45f9-8a8c-cc93e249c117
callback=http://bshare.cnmhid=1234publisherUuid=5a38b99e-576c-48b3-a383-facf7fc86505site=qqmbts=13517613240007ec6e6a0-d15e-42d7-9d0a-d0ca2b246ebb
callback=http://bshare.cnmhid=1234publisherUuid=e2272e96-311e-493a-ac48-4f4d31e58af9site=sinaminiblogts=13517613240003037299e-3932-45f9-8a8c-cc93e249c117
callback=http://bshare.cnmhid=1234publisherUuid=5a38b99e-576c-48b3-a383-facf7fc86505site=sinaminiblogts=13517613240007ec6e6a0-d15e-42d7-9d0a-d0ca2b246ebb
callback=http://bshare.cnmhid=1234publisherUuid=e2272e96-311e-493a-ac48-4f4d31e58af9site=renrents=13517613240003037299e-3932-45f9-8a8c-cc93e249c117
callback=http://bshare.cnmhid=1234publisherUuid=5a38b99e-576c-48b3-a383-facf7fc86505site=renrents=13517613240007ec6e6a0-d15e-42d7-9d0a-d0ca2b246ebb
callback=http://bshare.cnmhid=1234publisherUuid=e2272e96-311e-493a-ac48-4f4d31e58af9site=qqmbts=13517613240003037299e-3932-45f9-8a8c-cc93e249c117
callback=http://bshare.cnmhid=1234publisherUuid=5a38b99e-576c-48b3-a383-facf7fc86505site=qqmbts=13517613240007ec6e6a0-d15e-42d7-9d0a-d0ca2b246ebb
callback=http://bshare.cnmhid=1234publisherUuid=e2272e96-311e-493a-ac48-4f4d31e58af9site=sinaminiblogts=13517614470003037299e-3932-45f9-8a8c-cc93e249c117
callback=http://bshare.cnmhid=1234publisherUuid=5a38b99e-576c-48b3-a383-facf7fc86505site=sinaminiblogts=13517614470007ec6e6a0-d15e-42d7-9d0a-d0ca2b246ebb
callback=http://bshare.cnmhid=1234publisherUuid=e2272e96-311e-493a-ac48-4f4d31e58af9site=renrents=13517614470003037299e-3932-45f9-8a8c-cc93e249c117
callback=http://bshare.cnmhid=1234publisherUuid=5a38b99e-576c-48b3-a383-facf7fc86505site=renrents=13517614470007ec6e6a0-d15e-42d7-9d0a-d0ca2b246ebb
callback=http://bshare.cnmhid=1234publisherUuid=e2272e96-311e-493a-ac48-4f4d31e58af9site=qqmbts=13517614470003037299e-3932-45f9-8a8c-cc93e249c117
callback=http://bshare.cnmhid=1234publisherUuid=5a38b99e-576c-48b3-a383-facf7fc86505site=qqmbts=13517614470007ec6e6a0-d15e-42d7-9d0a-d0ca2b246ebb
callback=http://bshare.cnmhid=1234publisherUuid=e2272e96-311e-493a-ac48-4f4d31e58af9site=sinaminiblogts=13517614590003037299e-3932-45f9-8a8c-cc93e249c117
callback=http://bshare.cnmhid=1234publisherUuid=5a38b99e-576c-48b3-a383-facf7fc86505site=sinaminiblogts=13517614590007ec6e6a0-d15e-42d7-9d0a-d0ca2b246ebb
callback=http://bshare.cnmhid=1234publisherUuid=e2272e96-311e-493a-ac48-4f4d31e58af9site=renrents=13517614590003037299e-3932-45f9-8a8c-cc93e249c117
callback=http://bshare.cnmhid=1234publisherUuid=5a38b99e-576c-48b3-a383-facf7fc86505site=renrents=13517614590007ec6e6a0-d15e-42d7-9d0a-d0ca2b246ebb
callback=http://bshare.cnmhid=1234publisherUuid=e2272e96-311e-493a-ac48-4f4d31e58af9site=qqmbts=13517614590003037299e-3932-45f9-8a8c-cc93e249c117
callback=http://bshare.cnmhid=1234publisherUuid=5a38b99e-576c-48b3-a383-facf7fc86505site=qqmbts=13517614590007ec6e6a0-d15e-42d7-9d0a-d0ca2b246ebb
callback=http://bshare.cnmhid=1234publisherUuid=e2272e96-311e-493a-ac48-4f4d31e58af9site=sinaminiblogts=13517616130003037299e-3932-45f9-8a8c-cc93e249c117
callback=http://bshare.cnmhid=1234publisherUuid=5a38b99e-576c-48b3-a383-facf7fc86505site=sinaminiblogts=13517616130007ec6e6a0-d15e-42d7-9d0a-d0ca2b246ebb
callback=http://bshare.cnmhid=1234publisherUuid=e2272e96-311e-493a-ac48-4f4d31e58af9site=renrents=13517616130003037299e-3932-45f9-8a8c-cc93e249c117
callback=http://bshare.cnmhid=1234publisherUuid=5a38b99e-576c-48b3-a383-facf7fc86505site=renrents=13517616130007ec6e6a0-d15e-42d7-9d0a-d0ca2b246ebb
callback=http://bshare.cnmhid=1234publisherUuid=e2272e96-311e-493a-ac48-4f4d31e58af9site=qqmbts=13517616130003037299e-3932-45f9-8a8c-cc93e249c117
callback=http://bshare.cnmhid=1234publisherUuid=5a38b99e-576c-48b3-a383-facf7fc86505site=qqmbts=13517616130007ec6e6a0-d15e-42d7-9d0a-d0ca2b246ebb
callback=http://bshare.cnmhid=1234publisherUuid=e2272e96-311e-493a-ac48-4f4d31e58af9site=sinaminiblogts=13517616650003037299e-3932-45f9-8a8c-cc93e249c117
callback=http://bshare.cnmhid=1234publisherUuid=5a38b99e-576c-48b3-a383-facf7fc86505site=sinaminiblogts=13517616650007ec6e6a0-d15e-42d7-9d0a-d0ca2b246ebb
callback=http://bshare.cnmhid=1234publisherUuid=e2272e96-311e-493a-ac48-4f4d31e58af9site=renrents=13517616650003037299e-3932-45f9-8a8c-cc93e249c117
callback=http://bshare.cnmhid=1234publisherUuid=5a38b99e-576c-48b3-a383-facf7fc86505site=renrents=13517616650007ec6e6a0-d15e-42d7-9d0a-d0ca2b246ebb
callback=http://bshare.cnmhid=1234publisherUuid=e2272e96-311e-493a-ac48-4f4d31e58af9site=qqmbts=13517616650003037299e-3932-45f9-8a8c-cc93e249c117
callback=http://bshare.cnmhid=1234publisherUuid=5a38b99e-576c-48b3-a383-facf7fc86505site=qqmbts=13517616650007ec6e6a0-d15e-42d7-9d0a-d0ca2b246ebb
callback=http://bshare.cnmhid=1234publisherUuid=e2272e96-311e-493a-ac48-4f4d31e58af9site=sinaminiblogts=13517626040003037299e-3932-45f9-8a8c-cc93e249c117
callback=http://bshare.cnmhid=1234publisherUuid=5a38b99e-576c-48b3-a383-facf7fc86505site=sinaminiblogts=13517626040007ec6e6a0-d15e-42d7-9d0a-d0ca2b246ebb
callback=http://bshare.cnmhid=1234publisherUuid=e2272e96-311e-493a-ac48-4f4d31e58af9site=renrents=13517626040003037299e-3932-45f9-8a8c-cc93e249c117
callback=http://bshare.cnmhid=1234publisherUuid=5a38b99e-576c-48b3-a383-facf7fc86505site=renrents=13517626040007ec6e6a0-d15e-42d7-9d0a-d0ca2b246ebb
callback=http://bshare.cnmhid=1234publisherUuid=e2272e96-311e-493a-ac48-4f4d31e58af9site=qqmbts=13517626040003037299e-3932-45f9-8a8c-cc93e249c117
callback=http://bshare.cnmhid=1234publisherUuid=5a38b99e-576c-48b3-a383-facf7fc86505site=qqmbts=13517626040007ec6e6a0-d15e-42d7-9d0a-d0ca2b246ebb
callback=http://bshare.cnmhid=1234publisherUuid=e2272e96-311e-493a-ac48-4f4d31e58af9site=sinaminiblogts=13517635840003037299e-3932-45f9-8a8c-cc93e249c117
callback=http://bshare.cnmhid=1234publisherUuid=5a38b99e-576c-48b3-a383-facf7fc86505site=sinaminiblogts=13517635840007ec6e6a0-d15e-42d7-9d0a-d0ca2b246ebb
callback=http://bshare.cnmhid=1234publisherUuid=e2272e96-311e-493a-ac48-4f4d31e58af9site=renrents=13517635840003037299e-3932-45f9-8a8c-cc93e249c117
callback=http://bshare.cnmhid=1234publisherUuid=5a38b99e-576c-48b3-a383-facf7fc86505site=renrents=13517635840007ec6e6a0-d15e-42d7-9d0a-d0ca2b246ebb
callback=http://bshare.cnmhid=1234publisherUuid=e2272e96-311e-493a-ac48-4f4d31e58af9site=qqmbts=13517635840003037299e-3932-45f9-8a8c-cc93e249c117
callback=http://bshare.cnmhid=1234publisherUuid=5a38b99e-576c-48b3-a383-facf7fc86505site=qqmbts=13517635840007ec6e6a0-d15e-42d7-9d0a-d0ca2b246ebb
callback=http://bshare.cnmhid=1234publisherUuid=e2272e96-311e-493a-ac48-4f4d31e58af9site=sinaminiblogts=13517640070003037299e-3932-45f9-8a8c-cc93e249c117
callback=http://bshare.cnmhid=1234publisherUuid=5a38b99e-576c-48b3-a383-facf7fc86505site=sinaminiblogts=13517640070007ec6e6a0-d15e-42d7-9d0a-d0ca2b246ebb
callback=http://bshare.cnmhid=1234publisherUuid=e2272e96-311e-493a-ac48-4f4d31e58af9site=renrents=13517640070003037299e-3932-45f9-8a8c-cc93e249c117
callback=http://bshare.cnmhid=1234publisherUuid=5a38b99e-576c-48b3-a383-facf7fc86505site=renrents=13517640070007ec6e6a0-d15e-42d7-9d0a-d0ca2b246ebb
callback=http://bshare.cnmhid=1234publisherUuid=e2272e96-311e-493a-ac48-4f4d31e58af9site=qqmbts=13517640070003037299e-3932-45f9-8a8c-cc93e249c117
callback=http://bshare.cnmhid=1234publisherUuid=5a38b99e-576c-48b3-a383-facf7fc86505site=qqmbts=13517640070007ec6e6a0-d15e-42d7-9d0a-d0ca2b246ebb
callback=http://bshare.cnmhid=1234publisherUuid=e2272e96-311e-493a-ac48-4f4d31e58af9site=sinaminiblogts=13517641180003037299e-3932-45f9-8a8c-cc93e249c117
callback=http://bshare.cnmhid=1234publisherUuid=5a38b99e-576c-48b3-a383-facf7fc86505site=sinaminiblogts=13517641180007ec6e6a0-d15e-42d7-9d0a-d0ca2b246ebb
callback=http://bshare.cnmhid=1234publisherUuid=e2272e96-311e-493a-ac48-4f4d31e58af9site=renrents=13517641180003037299e-3932-45f9-8a8c-cc93e249c117
callback=http://bshare.cnmhid=1234publisherUuid=5a38b99e-576c-48b3-a383-facf7fc86505site=renrents=13517641180007ec6e6a0-d15e-42d7-9d0a-d0ca2b246ebb
callback=http://bshare.cnmhid=1234publisherUuid=e2272e96-311e-493a-ac48-4f4d31e58af9site=qqmbts=13517641180003037299e-3932-45f9-8a8c-cc93e249c117
callback=http://bshare.cnmhid=1234publisherUuid=5a38b99e-576c-48b3-a383-facf7fc86505site=qqmbts=13517641180007ec6e6a0-d15e-42d7-9d0a-d0ca2b246ebb
callback=http://bshare.cnmhid=1234publisherUuid=e2272e96-311e-493a-ac48-4f4d31e58af9site=sinaminiblogts=13517655810003037299e-3932-45f9-8a8c-cc93e249c117
callback=http://bshare.cnmhid=1234publisherUuid=5a38b99e-576c-48b3-a383-facf7fc86505site=sinaminiblogts=13517655810007ec6e6a0-d15e-42d7-9d0a-d0ca2b246ebb
callback=http://bshare.cnmhid=1234publisherUuid=e2272e96-311e-493a-ac48-4f4d31e58af9site=renrents=13517655810003037299e-3932-45f9-8a8c-cc93e249c117
callback=http://bshare.cnmhid=1234publisherUuid=5a38b99e-576c-48b3-a383-facf7fc86505site=renrents=13517655810007ec6e6a0-d15e-42d7-9d0a-d0ca2b246ebb
callback=http://bshare.cnmhid=1234publisherUuid=e2272e96-311e-493a-ac48-4f4d31e58af9site=qqmbts=13517655810003037299e-3932-45f9-8a8c-cc93e249c117
callback=http://bshare.cnmhid=1234publisherUuid=5a38b99e-576c-48b3-a383-facf7fc86505site=qqmbts=13517655810007ec6e6a0-d15e-42d7-9d0a-d0ca2b246ebb
callback=http://bshare.cnmhid=1234publisherUuid=e2272e96-311e-493a-ac48-4f4d31e58af9site=sinaminiblogts=13517660790003037299e-3932-45f9-8a8c-cc93e249c117
callback=http://bshare.cnmhid=1234publisherUuid=5a38b99e-576c-48b3-a383-facf7fc86505site=sinaminiblogts=13517660790007ec6e6a0-d15e-42d7-9d0a-d0ca2b246ebb
callback=http://bshare.cnmhid=1234publisherUuid=e2272e96-311e-493a-ac48-4f4d31e58af9site=renrents=13517660790003037299e-3932-45f9-8a8c-cc93e249c117
callback=http://bshare.cnmhid=1234publisherUuid=5a38b99e-576c-48b3-a383-facf7fc86505site=renrents=13517660790007ec6e6a0-d15e-42d7-9d0a-d0ca2b246ebb
callback=http://bshare.cnmhid=1234publisherUuid=e2272e96-311e-493a-ac48-4f4d31e58af9site=qqmbts=13517660790003037299e-3932-45f9-8a8c-cc93e249c117
callback=http://bshare.cnmhid=1234publisherUuid=5a38b99e-576c-48b3-a383-facf7fc86505site=qqmbts=13517660790007ec6e6a0-d15e-42d7-9d0a-d0ca2b246ebb
callback=http://bshare.cnmhid=1234publisherUuid=e2272e96-311e-493a-ac48-4f4d31e58af9site=sinaminiblogts=13517669370003037299e-3932-45f9-8a8c-cc93e249c117
callback=http://bshare.cnmhid=1234publisherUuid=5a38b99e-576c-48b3-a383-facf7fc86505site=sinaminiblogts=13517669370007ec6e6a0-d15e-42d7-9d0a-d0ca2b246ebb
callback=http://bshare.cnmhid=1234publisherUuid=e2272e96-311e-493a-ac48-4f4d31e58af9site=renrents=13517669370003037299e-3932-45f9-8a8c-cc93e249c117
callback=http://bshare.cnmhid=1234publisherUuid=5a38b99e-576c-48b3-a383-facf7fc86505site=renrents=13517669370007ec6e6a0-d15e-42d7-9d0a-d0ca2b246ebb
callback=http://bshare.cnmhid=1234publisherUuid=e2272e96-311e-493a-ac48-4f4d31e58af9site=qqmbts=13517669370003037299e-3932-45f9-8a8c-cc93e249c117
callback=http://bshare.cnmhid=1234publisherUuid=5a38b99e-576c-48b3-a383-facf7fc86505site=qqmbts=13517669370007ec6e6a0-d15e-42d7-9d0a-d0ca2b246ebb
callback=http://bshare.cnmhid=1234publisherUuid=e2272e96-311e-493a-ac48-4f4d31e58af9site=sinaminiblogts=13517681620003037299e-3932-45f9-8a8c-cc93e249c117
callback=http://bshare.cnmhid=1234publisherUuid=5a38b99e-576c-48b3-a383-facf7fc86505site=sinaminiblogts=13517681620007ec6e6a0-d15e-42d7-9d0a-d0ca2b246ebb
callback=http://bshare.cnmhid=1234publisherUuid=e2272e96-311e-493a-ac48-4f4d31e58af9site=renrents=13517681620003037299e-3932-45f9-8a8c-cc93e249c117
callback=http://bshare.cnmhid=1234publisherUuid=5a38b99e-576c-48b3-a383-facf7fc86505site=renrents=13517681620007ec6e6a0-d15e-42d7-9d0a-d0ca2b246ebb
callback=http://bshare.cnmhid=1234publisherUuid=e2272e96-311e-493a-ac48-4f4d31e58af9site=qqmbts=13517681620003037299e-3932-45f9-8a8c-cc93e249c117
callback=http://bshare.cnmhid=1234publisherUuid=5a38b99e-576c-48b3-a383-facf7fc86505site=qqmbts=13517681620007ec6e6a0-d15e-42d7-9d0a-d0ca2b246ebb
callback=http://bshare.cnmhid=1234publisherUuid=e2272e96-311e-493a-ac48-4f4d31e58af9site=sinaminiblogts=13517685260003037299e-3932-45f9-8a8c-cc93e249c117
callback=http://bshare.cnmhid=1234publisherUuid=5a38b99e-576c-48b3-a383-facf7fc86505site=sinaminiblogts=13517685260007ec6e6a0-d15e-42d7-9d0a-d0ca2b246ebb
callback=http://bshare.cnmhid=1234publisherUuid=e2272e96-311e-493a-ac48-4f4d31e58af9site=renrents=13517685260003037299e-3932-45f9-8a8c-cc93e249c117
callback=http://bshare.cnmhid=1234publisherUuid=5a38b99e-576c-48b3-a383-facf7fc86505site=renrents=13517685260007ec6e6a0-d15e-42d7-9d0a-d0ca2b246ebb
callback=http://bshare.cnmhid=1234publisherUuid=e2272e96-311e-493a-ac48-4f4d31e58af9site=qqmbts=13517685260003037299e-3932-45f9-8a8c-cc93e249c117
callback=http://bshare.cnmhid=1234publisherUuid=5a38b99e-576c-48b3-a383-facf7fc86505site=qqmbts=13517685260007ec6e6a0-d15e-42d7-9d0a-d0ca2b246ebb
callback=http://bshare.cnmhid=1234publisherUuid=e2272e96-311e-493a-ac48-4f4d31e58af9site=sinaminiblogts=13517685710003037299e-3932-45f9-8a8c-cc93e249c117
callback=http://bshare.cnmhid=1234publisherUuid=5a38b99e-576c-48b3-a383-facf7fc86505site=sinaminiblogts=13517685710007ec6e6a0-d15e-42d7-9d0a-d0ca2b246ebb
callback=http://bshare.cnmhid=1234publisherUuid=e2272e96-311e-493a-ac48-4f4d31e58af9site=renrents=13517685710003037299e-3932-45f9-8a8c-cc93e249c117
callback=http://bshare.cnmhid=1234publisherUuid=5a38b99e-576c-48b3-a383-facf7fc86505site=renrents=13517685710007ec6e6a0-d15e-42d7-9d0a-d0ca2b246ebb
callback=http://bshare.cnmhid=1234publisherUuid=e2272e96-311e-493a-ac48-4f4d31e58af9site=qqmbts=13517685710003037299e-3932-45f9-8a8c-cc93e249c117
callback=http://bshare.cnmhid=1234publisherUuid=5a38b99e-576c-48b3-a383-facf7fc86505site=qqmbts=13517685710007ec6e6a0-d15e-42d7-9d0a-d0ca2b246ebb
callback=http://bshare.cnmhid=1234publisherUuid=e2272e96-311e-493a-ac48-4f4d31e58af9site=sinaminiblogts=13517686950003037299e-3932-45f9-8a8c-cc93e249c117
callback=http://bshare.cnmhid=1234publisherUuid=5a38b99e-576c-48b3-a383-facf7fc86505site=sinaminiblogts=13517686950007ec6e6a0-d15e-42d7-9d0a-d0ca2b246ebb
callback=http://bshare.cnmhid=1234publisherUuid=e2272e96-311e-493a-ac48-4f4d31e58af9site=renrents=13517686950003037299e-3932-45f9-8a8c-cc93e249c117
callback=http://bshare.cnmhid=1234publisherUuid=5a38b99e-576c-48b3-a383-facf7fc86505site=renrents=13517686950007ec6e6a0-d15e-42d7-9d0a-d0ca2b246ebb
callback=http://bshare.cnmhid=1234publisherUuid=e2272e96-311e-493a-ac48-4f4d31e58af9site=qqmbts=13517686950003037299e-3932-45f9-8a8c-cc93e249c117
callback=http://bshare.cnmhid=1234publisherUuid=5a38b99e-576c-48b3-a383-facf7fc86505site=qqmbts=13517686950007ec6e6a0-d15e-42d7-9d0a-d0ca2b246ebb
callback=http://bshare.cnmhid=1234publisherUuid=e2272e96-311e-493a-ac48-4f4d31e58af9site=sinaminiblogts=13518236730003037299e-3932-45f9-8a8c-cc93e249c117
callback=http://bshare.cnmhid=1234publisherUuid=5a38b99e-576c-48b3-a383-facf7fc86505site=sinaminiblogts=13518236730007ec6e6a0-d15e-42d7-9d0a-d0ca2b246ebb
callback=http://bshare.cnmhid=1234publisherUuid=e2272e96-311e-493a-ac48-4f4d31e58af9site=renrents=13518236730003037299e-3932-45f9-8a8c-cc93e249c117
callback=http://bshare.cnmhid=1234publisherUuid=5a38b99e-576c-48b3-a383-facf7fc86505site=renrents=13518236730007ec6e6a0-d15e-42d7-9d0a-d0ca2b246ebb
callback=http://bshare.cnmhid=1234publisherUuid=e2272e96-311e-493a-ac48-4f4d31e58af9site=qqmbts=13518236730003037299e-3932-45f9-8a8c-cc93e249c117
callback=http://bshare.cnmhid=1234publisherUuid=5a38b99e-576c-48b3-a383-facf7fc86505site=qqmbts=13518236730007ec6e6a0-d15e-42d7-9d0a-d0ca2b246ebb
apts=1351823749apvuid=20880028767505153037299e-3932-45f9-8a8c-cc93e249c117
callback=http://bshare.cnmhid=1234publisherUuid=e2272e96-311e-493a-ac48-4f4d31e58af9site=sinaminiblogts=13518237530003037299e-3932-45f9-8a8c-cc93e249c117
callback=http://bshare.cnmhid=1234publisherUuid=5a38b99e-576c-48b3-a383-facf7fc86505site=sinaminiblogts=13518237530007ec6e6a0-d15e-42d7-9d0a-d0ca2b246ebb
callback=http://bshare.cnmhid=1234publisherUuid=e2272e96-311e-493a-ac48-4f4d31e58af9site=renrents=13518237530003037299e-3932-45f9-8a8c-cc93e249c117
callback=http://bshare.cnmhid=1234publisherUuid=5a38b99e-576c-48b3-a383-facf7fc86505site=renrents=13518237530007ec6e6a0-d15e-42d7-9d0a-d0ca2b246ebb
callback=http://bshare.cnmhid=1234publisherUuid=e2272e96-311e-493a-ac48-4f4d31e58af9site=qqmbts=13518237530003037299e-3932-45f9-8a8c-cc93e249c117
callback=http://bshare.cnmhid=1234publisherUuid=5a38b99e-576c-48b3-a383-facf7fc86505site=qqmbts=13518237530007ec6e6a0-d15e-42d7-9d0a-d0ca2b246ebb
callback=http://bshare.cnmhid=1234publisherUuid=e2272e96-311e-493a-ac48-4f4d31e58af9site=sinaminiblogts=13518491980003037299e-3932-45f9-8a8c-cc93e249c117
callback=http://bshare.cnmhid=1234publisherUuid=5a38b99e-576c-48b3-a383-facf7fc86505site=sinaminiblogts=13518491980007ec6e6a0-d15e-42d7-9d0a-d0ca2b246ebb
callback=http://bshare.cnmhid=1234publisherUuid=e2272e96-311e-493a-ac48-4f4d31e58af9site=renrents=13518491980003037299e-3932-45f9-8a8c-cc93e249c117
callback=http://bshare.cnmhid=1234publisherUuid=5a38b99e-576c-48b3-a383-facf7fc86505site=renrents=13518491980007ec6e6a0-d15e-42d7-9d0a-d0ca2b246ebb
callback=http://bshare.cnmhid=1234publisherUuid=e2272e96-311e-493a-ac48-4f4d31e58af9site=qqmbts=13518491980003037299e-3932-45f9-8a8c-cc93e249c117
callback=http://bshare.cnmhid=1234publisherUuid=5a38b99e-576c-48b3-a383-facf7fc86505site=qqmbts=13518491980007ec6e6a0-d15e-42d7-9d0a-d0ca2b246ebb
apts=1351851648apvuid=20880028767505153037299e-3932-45f9-8a8c-cc93e249c117
apts=1351851652apvuid=20880028767505153037299e-3932-45f9-8a8c-cc93e249c117
apts=1351851797apvuid=20880028767505153037299e-3932-45f9-8a8c-cc93e249c117
apts=1351851860apvuid=20880028767505153037299e-3932-45f9-8a8c-cc93e249c117
/home/magic/.passenger/standalone/3.0.18-x86_64-ruby1.9.3-linux-gcc4.6.3-1002/support/lib/phusion_passenger/platform_info/operating_system.rb:98: warning: Insecure world writable dir /home/magic/tools/apache-maven-3.0.4/bin in PATH, mode 040777
/home/magic/.passenger/standalone/3.0.18-x86_64-ruby1.9.3-linux-gcc4.6.3-1002/support/lib/phusion_passenger/platform_info/operating_system.rb:98: warning: Insecure world writable dir /home/magic/tools/apache-maven-3.0.4/bin in PATH, mode 040777
callback=http://bshare.cnmhid=1234publisherUuid=e2272e96-311e-493a-ac48-4f4d31e58af9site=sinaminiblogts=13521806830003037299e-3932-45f9-8a8c-cc93e249c117
callback=http://bshare.cnmhid=1234publisherUuid=5a38b99e-576c-48b3-a383-facf7fc86505site=sinaminiblogts=13521806830007ec6e6a0-d15e-42d7-9d0a-d0ca2b246ebb
callback=http://bshare.cnmhid=1234publisherUuid=e2272e96-311e-493a-ac48-4f4d31e58af9site=renrents=13521806830003037299e-3932-45f9-8a8c-cc93e249c117
callback=http://bshare.cnmhid=1234publisherUuid=5a38b99e-576c-48b3-a383-facf7fc86505site=renrents=13521806830007ec6e6a0-d15e-42d7-9d0a-d0ca2b246ebb
callback=http://bshare.cnmhid=1234publisherUuid=e2272e96-311e-493a-ac48-4f4d31e58af9site=qqmbts=13521806830003037299e-3932-45f9-8a8c-cc93e249c117
callback=http://bshare.cnmhid=1234publisherUuid=5a38b99e-576c-48b3-a383-facf7fc86505site=qqmbts=13521806830007ec6e6a0-d15e-42d7-9d0a-d0ca2b246ebb
apts=1352180691apvuid=20880028767505153037299e-3932-45f9-8a8c-cc93e249c117
apts=1352180702apvuid=20880028767505153037299e-3932-45f9-8a8c-cc93e249c117
/home/magic/.passenger/standalone/3.0.18-x86_64-ruby1.9.3-linux-gcc4.6.3-1002/support/lib/phusion_passenger/platform_info/operating_system.rb:98: warning: Insecure world writable dir /home/magic/tools/apache-maven-3.0.4/bin in PATH, mode 040777
/home/magic/.passenger/standalone/3.0.18-x86_64-ruby1.9.3-linux-gcc4.6.3-1002/support/lib/phusion_passenger/platform_info/operating_system.rb:98: warning: Insecure world writable dir /home/magic/tools/apache-maven-3.0.4/bin in PATH, mode 040777
/home/magic/.passenger/standalone/3.0.18-x86_64-ruby1.9.3-linux-gcc4.6.3-1002/support/lib/phusion_passenger/platform_info/operating_system.rb:98: warning: Insecure world writable dir /home/magic/tools/apache-maven-3.0.4/bin in PATH, mode 040777
callback=http://bshare.cnmhid=1234publisherUuid=e2272e96-311e-493a-ac48-4f4d31e58af9site=sinaminiblogts=13523028000003037299e-3932-45f9-8a8c-cc93e249c117
callback=http://bshare.cnmhid=1234publisherUuid=5a38b99e-576c-48b3-a383-facf7fc86505site=sinaminiblogts=13523028000007ec6e6a0-d15e-42d7-9d0a-d0ca2b246ebb
callback=http://bshare.cnmhid=1234publisherUuid=e2272e96-311e-493a-ac48-4f4d31e58af9site=renrents=13523028000003037299e-3932-45f9-8a8c-cc93e249c117
callback=http://bshare.cnmhid=1234publisherUuid=5a38b99e-576c-48b3-a383-facf7fc86505site=renrents=13523028000007ec6e6a0-d15e-42d7-9d0a-d0ca2b246ebb
callback=http://bshare.cnmhid=1234publisherUuid=e2272e96-311e-493a-ac48-4f4d31e58af9site=qqmbts=13523028000003037299e-3932-45f9-8a8c-cc93e249c117
callback=http://bshare.cnmhid=1234publisherUuid=5a38b99e-576c-48b3-a383-facf7fc86505site=qqmbts=13523028000007ec6e6a0-d15e-42d7-9d0a-d0ca2b246ebb
apts=1352302803apvuid=20880028767505157ec6e6a0-d15e-42d7-9d0a-d0ca2b246ebb
apts=1352302987apvuid=20880028767505157ec6e6a0-d15e-42d7-9d0a-d0ca2b246ebb
apts=1352303361apvuid=20880028767505153037299e-3932-45f9-8a8c-cc93e249c117
apts=1352303501apvuid=20880028767505153037299e-3932-45f9-8a8c-cc93e249c117
apts=1352303597apvuid=20880028767505157ec6e6a0-d15e-42d7-9d0a-d0ca2b246ebb
apts=1352304130apvuid=20880028767505153037299e-3932-45f9-8a8c-cc93e249c117
apts=1352304160apvuid=20880028767505157ec6e6a0-d15e-42d7-9d0a-d0ca2b246ebb
apts=1352304163apvuid=20880028767505157ec6e6a0-d15e-42d7-9d0a-d0ca2b246ebb
apts=1352304164apvuid=20880028767505157ec6e6a0-d15e-42d7-9d0a-d0ca2b246ebb
apts=1352304164apvuid=20880028767505157ec6e6a0-d15e-42d7-9d0a-d0ca2b246ebb
apts=1352304164apvuid=20880028767505157ec6e6a0-d15e-42d7-9d0a-d0ca2b246ebb
[ pid=3609 thr=140305898927872 file=ext/nginx/HelperAgent.cpp:923 time=2012-11-08 00:02:44.693 ]: Couldn't forward the HTTP response back to the HTTP client: It seems the user clicked on the 'Stop' button in his browser.
apts=1352304164apvuid=20880028767505157ec6e6a0-d15e-42d7-9d0a-d0ca2b246ebb
apts=1352304172apvuid=20880028767505157ec6e6a0-d15e-42d7-9d0a-d0ca2b246ebb
apts=1352304554apvuid=20880028767505157ec6e6a0-d15e-42d7-9d0a-d0ca2b246ebb
/home/magic/.passenger/standalone/3.0.18-x86_64-ruby1.9.3-linux-gcc4.6.3-1002/support/lib/phusion_passenger/platform_info/operating_system.rb:98: warning: Insecure world writable dir /home/magic/tools/apache-maven-3.0.4/bin in PATH, mode 040777
callback=http://bshare.cnmhid=1234publisherUuid=e2272e96-311e-493a-ac48-4f4d31e58af9site=sinaminiblogts=13523693310003037299e-3932-45f9-8a8c-cc93e249c117
callback=http://bshare.cnmhid=1234publisherUuid=5a38b99e-576c-48b3-a383-facf7fc86505site=sinaminiblogts=13523693310007ec6e6a0-d15e-42d7-9d0a-d0ca2b246ebb
callback=http://bshare.cnmhid=1234publisherUuid=e2272e96-311e-493a-ac48-4f4d31e58af9site=renrents=13523693310003037299e-3932-45f9-8a8c-cc93e249c117
callback=http://bshare.cnmhid=1234publisherUuid=5a38b99e-576c-48b3-a383-facf7fc86505site=renrents=13523693310007ec6e6a0-d15e-42d7-9d0a-d0ca2b246ebb
callback=http://bshare.cnmhid=1234publisherUuid=e2272e96-311e-493a-ac48-4f4d31e58af9site=qqmbts=13523693310003037299e-3932-45f9-8a8c-cc93e249c117
callback=http://bshare.cnmhid=1234publisherUuid=5a38b99e-576c-48b3-a383-facf7fc86505site=qqmbts=13523693310007ec6e6a0-d15e-42d7-9d0a-d0ca2b246ebb
callback=http://bshare.cnmhid=1234publisherUuid=e2272e96-311e-493a-ac48-4f4d31e58af9site=sinaminiblogts=13523693360003037299e-3932-45f9-8a8c-cc93e249c117
callback=http://bshare.cnmhid=1234publisherUuid=5a38b99e-576c-48b3-a383-facf7fc86505site=sinaminiblogts=13523693360007ec6e6a0-d15e-42d7-9d0a-d0ca2b246ebb
callback=http://bshare.cnmhid=1234publisherUuid=e2272e96-311e-493a-ac48-4f4d31e58af9site=renrents=13523693360003037299e-3932-45f9-8a8c-cc93e249c117
callback=http://bshare.cnmhid=1234publisherUuid=5a38b99e-576c-48b3-a383-facf7fc86505site=renrents=13523693360007ec6e6a0-d15e-42d7-9d0a-d0ca2b246ebb
callback=http://bshare.cnmhid=1234publisherUuid=e2272e96-311e-493a-ac48-4f4d31e58af9site=qqmbts=13523693360003037299e-3932-45f9-8a8c-cc93e249c117
callback=http://bshare.cnmhid=1234publisherUuid=5a38b99e-576c-48b3-a383-facf7fc86505site=qqmbts=13523693360007ec6e6a0-d15e-42d7-9d0a-d0ca2b246ebb
callback=http://bshare.cnmhid=1234publisherUuid=e2272e96-311e-493a-ac48-4f4d31e58af9site=sinaminiblogts=13523696490003037299e-3932-45f9-8a8c-cc93e249c117
callback=http://bshare.cnmhid=1234publisherUuid=5a38b99e-576c-48b3-a383-facf7fc86505site=sinaminiblogts=13523696490007ec6e6a0-d15e-42d7-9d0a-d0ca2b246ebb
callback=http://bshare.cnmhid=1234publisherUuid=e2272e96-311e-493a-ac48-4f4d31e58af9site=renrents=13523696490003037299e-3932-45f9-8a8c-cc93e249c117
callback=http://bshare.cnmhid=1234publisherUuid=5a38b99e-576c-48b3-a383-facf7fc86505site=renrents=13523696490007ec6e6a0-d15e-42d7-9d0a-d0ca2b246ebb
callback=http://bshare.cnmhid=1234publisherUuid=e2272e96-311e-493a-ac48-4f4d31e58af9site=qqmbts=13523696490003037299e-3932-45f9-8a8c-cc93e249c117
callback=http://bshare.cnmhid=1234publisherUuid=5a38b99e-576c-48b3-a383-facf7fc86505site=qqmbts=13523696490007ec6e6a0-d15e-42d7-9d0a-d0ca2b246ebb
apts=1352967534apvuid=20880028767505157ec6e6a0-d15e-42d7-9d0a-d0ca2b246ebb
apts=1352967539apvuid=20880028767505157ec6e6a0-d15e-42d7-9d0a-d0ca2b246ebb
apts=1352967542apvuid=20880028767505157ec6e6a0-d15e-42d7-9d0a-d0ca2b246ebb
apts=1352967642apvuid=20880028767505157ec6e6a0-d15e-42d7-9d0a-d0ca2b246ebb
apts=1352967961apvuid=20880028767505157ec6e6a0-d15e-42d7-9d0a-d0ca2b246ebb
apts=1352968002apvuid=20880028767505157ec6e6a0-d15e-42d7-9d0a-d0ca2b246ebb
apts=1352968017apvuid=20880028767505157ec6e6a0-d15e-42d7-9d0a-d0ca2b246ebb
apts=1352968110apvuid=20880028767505157ec6e6a0-d15e-42d7-9d0a-d0ca2b246ebb
apts=1352968190apvuid=20880028767505157ec6e6a0-d15e-42d7-9d0a-d0ca2b246ebb
apts=1352969566apvuid=20880028767505157ec6e6a0-d15e-42d7-9d0a-d0ca2b246ebb
apts=1352969571apvuid=20880028767505157ec6e6a0-d15e-42d7-9d0a-d0ca2b246ebb
apts=1352969597apvuid=20880028767505157ec6e6a0-d15e-42d7-9d0a-d0ca2b246ebb
apts=1352969601apvuid=20880028767505157ec6e6a0-d15e-42d7-9d0a-d0ca2b246ebb
apts=1352969604apvuid=20880028767505157ec6e6a0-d15e-42d7-9d0a-d0ca2b246ebb
apts=1352969606apvuid=20880028767505157ec6e6a0-d15e-42d7-9d0a-d0ca2b246ebb
apts=1352969608apvuid=20880028767505157ec6e6a0-d15e-42d7-9d0a-d0ca2b246ebb
apts=1352969610apvuid=20880028767505157ec6e6a0-d15e-42d7-9d0a-d0ca2b246ebb
apts=1352969612apvuid=20880028767505157ec6e6a0-d15e-42d7-9d0a-d0ca2b246ebb
apts=1352969671apvuid=20880028767505157ec6e6a0-d15e-42d7-9d0a-d0ca2b246ebb
apts=1352969699apvuid=20880028767505157ec6e6a0-d15e-42d7-9d0a-d0ca2b246ebb
apts=1352969707apvuid=20880028767505157ec6e6a0-d15e-42d7-9d0a-d0ca2b246ebb
apts=1352969709apvuid=20880028767505157ec6e6a0-d15e-42d7-9d0a-d0ca2b246ebb
apts=1352969712apvuid=20880028767505157ec6e6a0-d15e-42d7-9d0a-d0ca2b246ebb
apts=1352969722apvuid=20880028767505157ec6e6a0-d15e-42d7-9d0a-d0ca2b246ebb
apts=1352971577apvuid=20880028767505157ec6e6a0-d15e-42d7-9d0a-d0ca2b246ebb
apts=1352971579apvuid=20880028767505157ec6e6a0-d15e-42d7-9d0a-d0ca2b246ebb
apts=1352971581apvuid=20880028767505157ec6e6a0-d15e-42d7-9d0a-d0ca2b246ebb
apts=1352971693apvuid=20880028767505157ec6e6a0-d15e-42d7-9d0a-d0ca2b246ebb
apts=1352971696apvuid=20880028767505157ec6e6a0-d15e-42d7-9d0a-d0ca2b246ebb
apts=1352971699apvuid=20880028767505157ec6e6a0-d15e-42d7-9d0a-d0ca2b246ebb
apts=1352971703apvuid=20880028767505157ec6e6a0-d15e-42d7-9d0a-d0ca2b246ebb
apts=1352971706apvuid=20880028767505157ec6e6a0-d15e-42d7-9d0a-d0ca2b246ebb
apts=1352971795apvuid=20880028767505157ec6e6a0-d15e-42d7-9d0a-d0ca2b246ebb
apts=1352972740apvuid=20880028767505157ec6e6a0-d15e-42d7-9d0a-d0ca2b246ebb
apts=1352972937apvuid=20880028767505157ec6e6a0-d15e-42d7-9d0a-d0ca2b246ebb
callback=http://bshare.cnmhid=1234publisherUuid=e2272e96-311e-493a-ac48-4f4d31e58af9site=sinaminiblogts=13530365300003037299e-3932-45f9-8a8c-cc93e249c117
callback=http://bshare.cnmhid=1234publisherUuid=5a38b99e-576c-48b3-a383-facf7fc86505site=sinaminiblogts=13530365300007ec6e6a0-d15e-42d7-9d0a-d0ca2b246ebb
callback=http://bshare.cnmhid=1234publisherUuid=e2272e96-311e-493a-ac48-4f4d31e58af9site=renrents=13530365300003037299e-3932-45f9-8a8c-cc93e249c117
callback=http://bshare.cnmhid=1234publisherUuid=5a38b99e-576c-48b3-a383-facf7fc86505site=renrents=13530365300007ec6e6a0-d15e-42d7-9d0a-d0ca2b246ebb
callback=http://bshare.cnmhid=1234publisherUuid=e2272e96-311e-493a-ac48-4f4d31e58af9site=qqmbts=13530365300003037299e-3932-45f9-8a8c-cc93e249c117
callback=http://bshare.cnmhid=1234publisherUuid=5a38b99e-576c-48b3-a383-facf7fc86505site=qqmbts=13530365300007ec6e6a0-d15e-42d7-9d0a-d0ca2b246ebb
apts=1353036560apvuid=20880028767505153037299e-3932-45f9-8a8c-cc93e249c117
apts=1353038253apvuid=20880028767505157ec6e6a0-d15e-42d7-9d0a-d0ca2b246ebb
apts=1353038258apvuid=20880028767505157ec6e6a0-d15e-42d7-9d0a-d0ca2b246ebb
apts=1353038412apvuid=20880028767505157ec6e6a0-d15e-42d7-9d0a-d0ca2b246ebb
apts=1353038414apvuid=20880028767505157ec6e6a0-d15e-42d7-9d0a-d0ca2b246ebb
apts=1353038417apvuid=20880028767505157ec6e6a0-d15e-42d7-9d0a-d0ca2b246ebb
apts=1353038419apvuid=20880028767505157ec6e6a0-d15e-42d7-9d0a-d0ca2b246ebb
apts=1353038430apvuid=20880028767505157ec6e6a0-d15e-42d7-9d0a-d0ca2b246ebb
apts=1353038431apvuid=20880028767505157ec6e6a0-d15e-42d7-9d0a-d0ca2b246ebb
apts=1353039285apvuid=20880028767505157ec6e6a0-d15e-42d7-9d0a-d0ca2b246ebb
apts=1353039292apvuid=20880028767505157ec6e6a0-d15e-42d7-9d0a-d0ca2b246ebb
apts=1353039295apvuid=20880028767505157ec6e6a0-d15e-42d7-9d0a-d0ca2b246ebb
apts=1353039302apvuid=20880028767505157ec6e6a0-d15e-42d7-9d0a-d0ca2b246ebb
apts=1353039305apvuid=20880028767505157ec6e6a0-d15e-42d7-9d0a-d0ca2b246ebb
apts=1353040453apvuid=20880028767505157ec6e6a0-d15e-42d7-9d0a-d0ca2b246ebb
apts=1353046314apvuid=20880028767505157ec6e6a0-d15e-42d7-9d0a-d0ca2b246ebb
apts=1353046321apvuid=20880028767505157ec6e6a0-d15e-42d7-9d0a-d0ca2b246ebb
apts=1353046323apvuid=20880028767505157ec6e6a0-d15e-42d7-9d0a-d0ca2b246ebb
apts=1353046392apvuid=20880028767505157ec6e6a0-d15e-42d7-9d0a-d0ca2b246ebb
apts=1353046443apvuid=20880028767505157ec6e6a0-d15e-42d7-9d0a-d0ca2b246ebb
apts=1353046468apvuid=20880028767505157ec6e6a0-d15e-42d7-9d0a-d0ca2b246ebb
apts=1353046470apvuid=20880028767505157ec6e6a0-d15e-42d7-9d0a-d0ca2b246ebb
apts=1353046481apvuid=20880028767505157ec6e6a0-d15e-42d7-9d0a-d0ca2b246ebb
apts=1353046482apvuid=20880028767505157ec6e6a0-d15e-42d7-9d0a-d0ca2b246ebb
apts=1353046484apvuid=20880028767505157ec6e6a0-d15e-42d7-9d0a-d0ca2b246ebb
apts=1353046485apvuid=20880028767505157ec6e6a0-d15e-42d7-9d0a-d0ca2b246ebb
apts=1353047872apvuid=20880028767505157ec6e6a0-d15e-42d7-9d0a-d0ca2b246ebb
apts=1353047878apvuid=20880028767505157ec6e6a0-d15e-42d7-9d0a-d0ca2b246ebb
apts=1353047881apvuid=20880028767505157ec6e6a0-d15e-42d7-9d0a-d0ca2b246ebb
apts=1353047884apvuid=20880028767505157ec6e6a0-d15e-42d7-9d0a-d0ca2b246ebb
apts=1353052681apvuid=20880028767505157ec6e6a0-d15e-42d7-9d0a-d0ca2b246ebb
apts=1353052684apvuid=20880028767505157ec6e6a0-d15e-42d7-9d0a-d0ca2b246ebb
apts=1353052994apvuid=20880028767505157ec6e6a0-d15e-42d7-9d0a-d0ca2b246ebb
apts=1353052999apvuid=20880028767505157ec6e6a0-d15e-42d7-9d0a-d0ca2b246ebb
apts=1353053118apvuid=20880028767505157ec6e6a0-d15e-42d7-9d0a-d0ca2b246ebb
apts=1353053122apvuid=20880028767505157ec6e6a0-d15e-42d7-9d0a-d0ca2b246ebb
apts=1353053124apvuid=20880028767505157ec6e6a0-d15e-42d7-9d0a-d0ca2b246ebb
apts=1353053127apvuid=20880028767505157ec6e6a0-d15e-42d7-9d0a-d0ca2b246ebb
apts=1353053131apvuid=20880028767505157ec6e6a0-d15e-42d7-9d0a-d0ca2b246ebb
apts=1353053134apvuid=20880028767505157ec6e6a0-d15e-42d7-9d0a-d0ca2b246ebb
apts=1353053136apvuid=20880028767505157ec6e6a0-d15e-42d7-9d0a-d0ca2b246ebb
apts=1353053140apvuid=20880028767505157ec6e6a0-d15e-42d7-9d0a-d0ca2b246ebb
apts=1353053199apvuid=20880028767505157ec6e6a0-d15e-42d7-9d0a-d0ca2b246ebb
apts=1353053203apvuid=20880028767505157ec6e6a0-d15e-42d7-9d0a-d0ca2b246ebb
apts=1353053205apvuid=20880028767505157ec6e6a0-d15e-42d7-9d0a-d0ca2b246ebb
apts=1353053209apvuid=20880028767505157ec6e6a0-d15e-42d7-9d0a-d0ca2b246ebb
apts=1353053211apvuid=20880028767505157ec6e6a0-d15e-42d7-9d0a-d0ca2b246ebb
apts=1353053237apvuid=20880028767505157ec6e6a0-d15e-42d7-9d0a-d0ca2b246ebb
apts=1353053238apvuid=20880028767505157ec6e6a0-d15e-42d7-9d0a-d0ca2b246ebb
apts=1353062805apvuid=20880028767505157ec6e6a0-d15e-42d7-9d0a-d0ca2b246ebb
/home/magic/.passenger/standalone/3.0.18-x86_64-ruby1.9.3-linux-gcc4.6.3-1002/support/lib/phusion_passenger/platform_info/operating_system.rb:98: warning: Insecure world writable dir /home/magic/tools/apache-maven-3.0.4/bin in PATH, mode 040777
/home/magic/.passenger/standalone/3.0.18-x86_64-ruby1.9.3-linux-gcc4.6.3-1002/support/lib/phusion_passenger/platform_info/operating_system.rb:98: warning: Insecure world writable dir /home/magic/tools/apache-maven-3.0.4/bin in PATH, mode 040777
callback=http://bshare.cnmhid=1234publisherUuid=e2272e96-311e-493a-ac48-4f4d31e58af9site=sinaminiblogts=13541038600003037299e-3932-45f9-8a8c-cc93e249c117
callback=http://bshare.cnmhid=1234publisherUuid=e2272e96-311e-493a-ac48-4f4d31e58af9site=renrents=13541038600003037299e-3932-45f9-8a8c-cc93e249c117
callback=http://bshare.cnmhid=1234publisherUuid=e2272e96-311e-493a-ac48-4f4d31e58af9site=qqmbts=13541038600003037299e-3932-45f9-8a8c-cc93e249c117
[ pid=4195 thr=5431280 file=utils.rb:176 time=2012-11-28 21:18:47.003 ]: *** Exception SignalException in PhusionPassenger::Rack::ApplicationSpawner (SIGTERM) (process 4195, thread #<Thread:0x00000000a5bfe0>):
	from /home/magic/.passenger/standalone/3.0.18-x86_64-ruby1.9.3-linux-gcc4.6.3-1002/support/lib/phusion_passenger/abstract_server.rb:343:in `select'
	from /home/magic/.passenger/standalone/3.0.18-x86_64-ruby1.9.3-linux-gcc4.6.3-1002/support/lib/phusion_passenger/abstract_server.rb:343:in `server_main_loop'
	from /home/magic/.passenger/standalone/3.0.18-x86_64-ruby1.9.3-linux-gcc4.6.3-1002/support/lib/phusion_passenger/abstract_server.rb:206:in `start_synchronously'
	from /home/magic/.passenger/standalone/3.0.18-x86_64-ruby1.9.3-linux-gcc4.6.3-1002/support/lib/phusion_passenger/abstract_server.rb:180:in `start'
	from /home/magic/.passenger/standalone/3.0.18-x86_64-ruby1.9.3-linux-gcc4.6.3-1002/support/lib/phusion_passenger/rack/application_spawner.rb:129:in `start'
	from /home/magic/.passenger/standalone/3.0.18-x86_64-ruby1.9.3-linux-gcc4.6.3-1002/support/lib/phusion_passenger/spawn_manager.rb:253:in `block (2 levels) in spawn_rack_application'
	from /home/magic/.passenger/standalone/3.0.18-x86_64-ruby1.9.3-linux-gcc4.6.3-1002/support/lib/phusion_passenger/abstract_server_collection.rb:132:in `lookup_or_add'
	from /home/magic/.passenger/standalone/3.0.18-x86_64-ruby1.9.3-linux-gcc4.6.3-1002/support/lib/phusion_passenger/spawn_manager.rb:246:in `block in spawn_rack_application'
	from /home/magic/.passenger/standalone/3.0.18-x86_64-ruby1.9.3-linux-gcc4.6.3-1002/support/lib/phusion_passenger/abstract_server_collection.rb:82:in `block in synchronize'
	from <internal:prelude>:10:in `synchronize'
	from /home/magic/.passenger/standalone/3.0.18-x86_64-ruby1.9.3-linux-gcc4.6.3-1002/support/lib/phusion_passenger/abstract_server_collection.rb:79:in `synchronize'
	from /home/magic/.passenger/standalone/3.0.18-x86_64-ruby1.9.3-linux-gcc4.6.3-1002/support/lib/phusion_passenger/spawn_manager.rb:244:in `spawn_rack_application'
	from /home/magic/.passenger/standalone/3.0.18-x86_64-ruby1.9.3-linux-gcc4.6.3-1002/support/lib/phusion_passenger/spawn_manager.rb:137:in `spawn_application'
	from /home/magic/.passenger/standalone/3.0.18-x86_64-ruby1.9.3-linux-gcc4.6.3-1002/support/lib/phusion_passenger/spawn_manager.rb:275:in `handle_spawn_application'
	from /home/magic/.passenger/standalone/3.0.18-x86_64-ruby1.9.3-linux-gcc4.6.3-1002/support/lib/phusion_passenger/abstract_server.rb:357:in `server_main_loop'
	from /home/magic/.passenger/standalone/3.0.18-x86_64-ruby1.9.3-linux-gcc4.6.3-1002/support/lib/phusion_passenger/abstract_server.rb:206:in `start_synchronously'
	from /home/magic/.passenger/standalone/3.0.18-x86_64-ruby1.9.3-linux-gcc4.6.3-1002/support/helper-scripts/passenger-spawn-server:99:in `<main>'
/home/magic/.passenger/standalone/3.0.18-x86_64-ruby1.9.3-linux-gcc4.6.3-1002/support/lib/phusion_passenger/platform_info/operating_system.rb:98: warning: Insecure world writable dir /home/magic/tools/apache-maven-3.0.4/bin in PATH, mode 040777
callback=http://bshare.cnmhid=1234publisherUuid=e2272e96-311e-493a-ac48-4f4d31e58af9site=sinaminiblogts=13541103210003037299e-3932-45f9-8a8c-cc93e249c117
callback=http://bshare.cnmhid=1234publisherUuid=e2272e96-311e-493a-ac48-4f4d31e58af9site=renrents=13541103210003037299e-3932-45f9-8a8c-cc93e249c117
callback=http://bshare.cnmhid=1234publisherUuid=e2272e96-311e-493a-ac48-4f4d31e58af9site=qqmbts=13541103210003037299e-3932-45f9-8a8c-cc93e249c117
callback=http://bshare.cnmhid=1234publisherUuid=e2272e96-311e-493a-ac48-4f4d31e58af9site=sinaminiblogts=13541110810003037299e-3932-45f9-8a8c-cc93e249c117
callback=http://bshare.cnmhid=1234publisherUuid=e2272e96-311e-493a-ac48-4f4d31e58af9site=renrents=13541110810003037299e-3932-45f9-8a8c-cc93e249c117
callback=http://bshare.cnmhid=1234publisherUuid=e2272e96-311e-493a-ac48-4f4d31e58af9site=qqmbts=13541110810003037299e-3932-45f9-8a8c-cc93e249c117
callback=http://bshare.cnmhid=1234publisherUuid=5a38b99e-576c-48b3-a383-facf7fc86505site=sinaminiblogts=13541110890007ec6e6a0-d15e-42d7-9d0a-d0ca2b246ebb
callback=http://bshare.cnmhid=1234publisherUuid=5a38b99e-576c-48b3-a383-facf7fc86505site=renrents=13541110890007ec6e6a0-d15e-42d7-9d0a-d0ca2b246ebb
callback=http://bshare.cnmhid=1234publisherUuid=5a38b99e-576c-48b3-a383-facf7fc86505site=qqmbts=13541110890007ec6e6a0-d15e-42d7-9d0a-d0ca2b246ebb
callback=http://bshare.cnmhid=1234publisherUuid=e2272e96-311e-493a-ac48-4f4d31e58af9site=sinaminiblogts=13541111140003037299e-3932-45f9-8a8c-cc93e249c117
callback=http://bshare.cnmhid=1234publisherUuid=e2272e96-311e-493a-ac48-4f4d31e58af9site=renrents=13541111140003037299e-3932-45f9-8a8c-cc93e249c117
callback=http://bshare.cnmhid=1234publisherUuid=e2272e96-311e-493a-ac48-4f4d31e58af9site=qqmbts=13541111140003037299e-3932-45f9-8a8c-cc93e249c117
callback=http://bshare.cnmhid=1234publisherUuid=e2272e96-311e-493a-ac48-4f4d31e58af9site=sinaminiblogts=13541111450003037299e-3932-45f9-8a8c-cc93e249c117
callback=http://bshare.cnmhid=1234publisherUuid=e2272e96-311e-493a-ac48-4f4d31e58af9site=renrents=13541111450003037299e-3932-45f9-8a8c-cc93e249c117
callback=http://bshare.cnmhid=1234publisherUuid=e2272e96-311e-493a-ac48-4f4d31e58af9site=qqmbts=13541111450003037299e-3932-45f9-8a8c-cc93e249c117
callback=http://bshare.cnmhid=1234publisherUuid=e2272e96-311e-493a-ac48-4f4d31e58af9site=sinaminiblogts=13541113210003037299e-3932-45f9-8a8c-cc93e249c117
callback=http://bshare.cnmhid=1234publisherUuid=e2272e96-311e-493a-ac48-4f4d31e58af9site=renrents=13541113210003037299e-3932-45f9-8a8c-cc93e249c117
callback=http://bshare.cnmhid=1234publisherUuid=e2272e96-311e-493a-ac48-4f4d31e58af9site=qqmbts=13541113210003037299e-3932-45f9-8a8c-cc93e249c117
callback=http://bshare.cnmhid=1234publisherUuid=e2272e96-311e-493a-ac48-4f4d31e58af9site=sinaminiblogts=13541118080003037299e-3932-45f9-8a8c-cc93e249c117
callback=http://bshare.cnmhid=1234publisherUuid=e2272e96-311e-493a-ac48-4f4d31e58af9site=renrents=13541118080003037299e-3932-45f9-8a8c-cc93e249c117
callback=http://bshare.cnmhid=1234publisherUuid=e2272e96-311e-493a-ac48-4f4d31e58af9site=qqmbts=13541118080003037299e-3932-45f9-8a8c-cc93e249c117
callback=http://bshare.cnmhid=1234publisherUuid=e2272e96-311e-493a-ac48-4f4d31e58af9site=sinaminiblogts=13541118800003037299e-3932-45f9-8a8c-cc93e249c117
callback=http://bshare.cnmhid=1234publisherUuid=e2272e96-311e-493a-ac48-4f4d31e58af9site=renrents=13541118800003037299e-3932-45f9-8a8c-cc93e249c117
callback=http://bshare.cnmhid=1234publisherUuid=e2272e96-311e-493a-ac48-4f4d31e58af9site=qqmbts=13541118800003037299e-3932-45f9-8a8c-cc93e249c117
callback=http://bshare.cnmhid=1234publisherUuid=5a38b99e-576c-48b3-a383-facf7fc86505site=sinaminiblogts=13541118810007ec6e6a0-d15e-42d7-9d0a-d0ca2b246ebb
callback=http://bshare.cnmhid=1234publisherUuid=5a38b99e-576c-48b3-a383-facf7fc86505site=renrents=13541118810007ec6e6a0-d15e-42d7-9d0a-d0ca2b246ebb
callback=http://bshare.cnmhid=1234publisherUuid=5a38b99e-576c-48b3-a383-facf7fc86505site=qqmbts=13541118810007ec6e6a0-d15e-42d7-9d0a-d0ca2b246ebb
/home/magic/.passenger/standalone/3.0.18-x86_64-ruby1.9.3-linux-gcc4.6.3-1002/support/lib/phusion_passenger/platform_info/operating_system.rb:98: warning: Insecure world writable dir /home/magic/tools/apache-maven-3.0.4/bin in PATH, mode 040777
/home/magic/.passenger/standalone/3.0.18-x86_64-ruby1.9.3-linux-gcc4.6.3-1002/support/lib/phusion_passenger/platform_info/operating_system.rb:98: warning: Insecure world writable dir /home/magic/tools/apache-maven-3.0.4/bin in PATH, mode 040777
/home/magic/.passenger/standalone/3.0.18-x86_64-ruby1.9.3-linux-gcc4.6.3-1002/support/lib/phusion_passenger/platform_info/operating_system.rb:98: warning: Insecure world writable dir /home/magic/tools/apache-maven-3.0.4/bin in PATH, mode 040777
[ pid=26424 thr=5238760 file=utils.rb:176 time=2012-12-13 15:58:14.722 ]: *** Exception PhusionPassenger::UnknownError in PhusionPassenger::Rack::ApplicationSpawner (Could not find libv8-3.3.10.4 in any of the sources (Bundler::GemNotFound)) (process 26424, thread #<Thread:0x000000009fdfd0>):
	from /home/magic/.rvm/gems/ruby-1.9.3-p194@global/gems/bundler-1.2.1/lib/bundler/spec_set.rb:90:in `block in materialize'
	from /home/magic/.rvm/gems/ruby-1.9.3-p194@global/gems/bundler-1.2.1/lib/bundler/spec_set.rb:83:in `map!'
	from /home/magic/.rvm/gems/ruby-1.9.3-p194@global/gems/bundler-1.2.1/lib/bundler/spec_set.rb:83:in `materialize'
	from /home/magic/.rvm/gems/ruby-1.9.3-p194@global/gems/bundler-1.2.1/lib/bundler/definition.rb:113:in `specs'
	from /home/magic/.rvm/gems/ruby-1.9.3-p194@global/gems/bundler-1.2.1/lib/bundler/definition.rb:158:in `specs_for'
	from /home/magic/.rvm/gems/ruby-1.9.3-p194@global/gems/bundler-1.2.1/lib/bundler/definition.rb:147:in `requested_specs'
	from /home/magic/.rvm/gems/ruby-1.9.3-p194@global/gems/bundler-1.2.1/lib/bundler/environment.rb:23:in `requested_specs'
	from /home/magic/.rvm/gems/ruby-1.9.3-p194@global/gems/bundler-1.2.1/lib/bundler/runtime.rb:11:in `setup'
	from /home/magic/.rvm/gems/ruby-1.9.3-p194@global/gems/bundler-1.2.1/lib/bundler.rb:116:in `setup'
	from /home/magic/.passenger/standalone/3.0.18-x86_64-ruby1.9.3-linux-gcc4.6.3-1002/support/lib/phusion_passenger/utils.rb:326:in `prepare_app_process'
	from /home/magic/.passenger/standalone/3.0.18-x86_64-ruby1.9.3-linux-gcc4.6.3-1002/support/lib/phusion_passenger/rack/application_spawner.rb:156:in `block in initialize_server'
	from /home/magic/.passenger/standalone/3.0.18-x86_64-ruby1.9.3-linux-gcc4.6.3-1002/support/lib/phusion_passenger/utils.rb:563:in `report_app_init_status'
	from /home/magic/.passenger/standalone/3.0.18-x86_64-ruby1.9.3-linux-gcc4.6.3-1002/support/lib/phusion_passenger/rack/application_spawner.rb:154:in `initialize_server'
	from /home/magic/.passenger/standalone/3.0.18-x86_64-ruby1.9.3-linux-gcc4.6.3-1002/support/lib/phusion_passenger/abstract_server.rb:204:in `start_synchronously'
	from /home/magic/.passenger/standalone/3.0.18-x86_64-ruby1.9.3-linux-gcc4.6.3-1002/support/lib/phusion_passenger/abstract_server.rb:180:in `start'
	from /home/magic/.passenger/standalone/3.0.18-x86_64-ruby1.9.3-linux-gcc4.6.3-1002/support/lib/phusion_passenger/rack/application_spawner.rb:129:in `start'
	from /home/magic/.passenger/standalone/3.0.18-x86_64-ruby1.9.3-linux-gcc4.6.3-1002/support/lib/phusion_passenger/spawn_manager.rb:253:in `block (2 levels) in spawn_rack_application'
	from /home/magic/.passenger/standalone/3.0.18-x86_64-ruby1.9.3-linux-gcc4.6.3-1002/support/lib/phusion_passenger/abstract_server_collection.rb:132:in `lookup_or_add'
	from /home/magic/.passenger/standalone/3.0.18-x86_64-ruby1.9.3-linux-gcc4.6.3-1002/support/lib/phusion_passenger/spawn_manager.rb:246:in `block in spawn_rack_application'
	from /home/magic/.passenger/standalone/3.0.18-x86_64-ruby1.9.3-linux-gcc4.6.3-1002/support/lib/phusion_passenger/abstract_server_collection.rb:82:in `block in synchronize'
	from <internal:prelude>:10:in `synchronize'
	from /home/magic/.passenger/standalone/3.0.18-x86_64-ruby1.9.3-linux-gcc4.6.3-1002/support/lib/phusion_passenger/abstract_server_collection.rb:79:in `synchronize'
	from /home/magic/.passenger/standalone/3.0.18-x86_64-ruby1.9.3-linux-gcc4.6.3-1002/support/lib/phusion_passenger/spawn_manager.rb:244:in `spawn_rack_application'
	from /home/magic/.passenger/standalone/3.0.18-x86_64-ruby1.9.3-linux-gcc4.6.3-1002/support/lib/phusion_passenger/spawn_manager.rb:137:in `spawn_application'
	from /home/magic/.passenger/standalone/3.0.18-x86_64-ruby1.9.3-linux-gcc4.6.3-1002/support/lib/phusion_passenger/spawn_manager.rb:275:in `handle_spawn_application'
	from /home/magic/.passenger/standalone/3.0.18-x86_64-ruby1.9.3-linux-gcc4.6.3-1002/support/lib/phusion_passenger/abstract_server.rb:357:in `server_main_loop'
	from /home/magic/.passenger/standalone/3.0.18-x86_64-ruby1.9.3-linux-gcc4.6.3-1002/support/lib/phusion_passenger/abstract_server.rb:206:in `start_synchronously'
	from /home/magic/.passenger/standalone/3.0.18-x86_64-ruby1.9.3-linux-gcc4.6.3-1002/support/helper-scripts/passenger-spawn-server:99:in `<main>'
/home/magic/.passenger/standalone/3.0.18-x86_64-ruby1.9.3-linux-gcc4.6.3-1002/support/lib/phusion_passenger/platform_info/operating_system.rb:98: warning: Insecure world writable dir /home/magic/tools/apache-maven-3.0.4/bin in PATH, mode 040777
/home/magic/.passenger/standalone/3.0.18-x86_64-ruby1.9.3-linux-gcc4.6.3-1002/support/lib/phusion_passenger/platform_info/operating_system.rb:98: warning: Insecure world writable dir /home/magic/tools/apache-maven-3.0.4/bin in PATH, mode 040777
/home/magic/.passenger/standalone/3.0.18-x86_64-ruby1.9.3-linux-gcc4.6.3-1002/support/lib/phusion_passenger/platform_info/operating_system.rb:98: warning: Insecure world writable dir /home/magic/tools/apache-maven-3.0.4/bin in PATH, mode 040777
/home/magic/.passenger/standalone/3.0.18-x86_64-ruby1.9.3-linux-gcc4.6.3-1002/support/lib/phusion_passenger/platform_info/operating_system.rb:98: warning: Insecure world writable dir /home/magic/tools/apache-maven-3.0.4/bin in PATH, mode 040777
/home/magic/.passenger/standalone/3.0.18-x86_64-ruby1.9.3-linux-gcc4.6.3-1002/support/lib/phusion_passenger/platform_info/operating_system.rb:98: warning: Insecure world writable dir /home/magic/tools/apache-maven-3.0.4/bin in PATH, mode 040777
/home/magic/.passenger/standalone/3.0.18-x86_64-ruby1.9.3-linux-gcc4.6.3-1002/support/lib/phusion_passenger/platform_info/operating_system.rb:98: warning: Insecure world writable dir /home/magic/tools/apache-maven-3.0.4/bin in PATH, mode 040777
/home/magic/.passenger/standalone/3.0.18-x86_64-ruby1.9.3-linux-gcc4.6.3-1002/support/lib/phusion_passenger/platform_info/operating_system.rb:98: warning: Insecure world writable dir /home/magic/tools/apache-maven-3.0.4/bin in PATH, mode 040777
[ pid=2416 thr=17764340 file=utils.rb:176 time=2012-12-19 16:04:03.927 ]: *** Exception NameError in PhusionPassenger::Rack::ApplicationSpawner (uninitialized constant Twitter::API) (process 2416, thread #<Thread:0x000000021e1fe8>):
	from config.ru:5:in `block in <main>'
	from /home/magic/.rvm/gems/ruby-1.9.3-p194/gems/rack-1.4.1/lib/rack/builder.rb:51:in `instance_eval'
	from /home/magic/.rvm/gems/ruby-1.9.3-p194/gems/rack-1.4.1/lib/rack/builder.rb:51:in `initialize'
	from config.ru:1:in `new'
	from config.ru:1:in `<main>'
	from /home/magic/.passenger/standalone/3.0.18-x86_64-ruby1.9.3-linux-gcc4.6.3-1002/support/lib/phusion_passenger/rack/application_spawner.rb:225:in `eval'
	from /home/magic/.passenger/standalone/3.0.18-x86_64-ruby1.9.3-linux-gcc4.6.3-1002/support/lib/phusion_passenger/rack/application_spawner.rb:225:in `load_rack_app'
	from /home/magic/.passenger/standalone/3.0.18-x86_64-ruby1.9.3-linux-gcc4.6.3-1002/support/lib/phusion_passenger/rack/application_spawner.rb:157:in `block in initialize_server'
	from /home/magic/.passenger/standalone/3.0.18-x86_64-ruby1.9.3-linux-gcc4.6.3-1002/support/lib/phusion_passenger/utils.rb:563:in `report_app_init_status'
	from /home/magic/.passenger/standalone/3.0.18-x86_64-ruby1.9.3-linux-gcc4.6.3-1002/support/lib/phusion_passenger/rack/application_spawner.rb:154:in `initialize_server'
	from /home/magic/.passenger/standalone/3.0.18-x86_64-ruby1.9.3-linux-gcc4.6.3-1002/support/lib/phusion_passenger/abstract_server.rb:204:in `start_synchronously'
	from /home/magic/.passenger/standalone/3.0.18-x86_64-ruby1.9.3-linux-gcc4.6.3-1002/support/lib/phusion_passenger/abstract_server.rb:180:in `start'
	from /home/magic/.passenger/standalone/3.0.18-x86_64-ruby1.9.3-linux-gcc4.6.3-1002/support/lib/phusion_passenger/rack/application_spawner.rb:129:in `start'
	from /home/magic/.passenger/standalone/3.0.18-x86_64-ruby1.9.3-linux-gcc4.6.3-1002/support/lib/phusion_passenger/spawn_manager.rb:253:in `block (2 levels) in spawn_rack_application'
	from /home/magic/.passenger/standalone/3.0.18-x86_64-ruby1.9.3-linux-gcc4.6.3-1002/support/lib/phusion_passenger/abstract_server_collection.rb:132:in `lookup_or_add'
	from /home/magic/.passenger/standalone/3.0.18-x86_64-ruby1.9.3-linux-gcc4.6.3-1002/support/lib/phusion_passenger/spawn_manager.rb:246:in `block in spawn_rack_application'
	from /home/magic/.passenger/standalone/3.0.18-x86_64-ruby1.9.3-linux-gcc4.6.3-1002/support/lib/phusion_passenger/abstract_server_collection.rb:82:in `block in synchronize'
	from <internal:prelude>:10:in `synchronize'
	from /home/magic/.passenger/standalone/3.0.18-x86_64-ruby1.9.3-linux-gcc4.6.3-1002/support/lib/phusion_passenger/abstract_server_collection.rb:79:in `synchronize'
	from /home/magic/.passenger/standalone/3.0.18-x86_64-ruby1.9.3-linux-gcc4.6.3-1002/support/lib/phusion_passenger/spawn_manager.rb:244:in `spawn_rack_application'
	from /home/magic/.passenger/standalone/3.0.18-x86_64-ruby1.9.3-linux-gcc4.6.3-1002/support/lib/phusion_passenger/spawn_manager.rb:137:in `spawn_application'
	from /home/magic/.passenger/standalone/3.0.18-x86_64-ruby1.9.3-linux-gcc4.6.3-1002/support/lib/phusion_passenger/spawn_manager.rb:275:in `handle_spawn_application'
	from /home/magic/.passenger/standalone/3.0.18-x86_64-ruby1.9.3-linux-gcc4.6.3-1002/support/lib/phusion_passenger/abstract_server.rb:357:in `server_main_loop'
	from /home/magic/.passenger/standalone/3.0.18-x86_64-ruby1.9.3-linux-gcc4.6.3-1002/support/lib/phusion_passenger/abstract_server.rb:206:in `start_synchronously'
	from /home/magic/.passenger/standalone/3.0.18-x86_64-ruby1.9.3-linux-gcc4.6.3-1002/support/helper-scripts/passenger-spawn-server:99:in `<main>'
[ pid=2416 thr=17764340 file=utils.rb:176 time=2012-12-19 16:04:12.630 ]: *** Exception NameError in PhusionPassenger::Rack::ApplicationSpawner (uninitialized constant Twitter::API) (process 2416, thread #<Thread:0x000000021e1fe8>):
	from config.ru:5:in `block in <main>'
	from /home/magic/.rvm/gems/ruby-1.9.3-p194/gems/rack-1.4.1/lib/rack/builder.rb:51:in `instance_eval'
	from /home/magic/.rvm/gems/ruby-1.9.3-p194/gems/rack-1.4.1/lib/rack/builder.rb:51:in `initialize'
	from config.ru:1:in `new'
	from config.ru:1:in `<main>'
	from /home/magic/.passenger/standalone/3.0.18-x86_64-ruby1.9.3-linux-gcc4.6.3-1002/support/lib/phusion_passenger/rack/application_spawner.rb:225:in `eval'
	from /home/magic/.passenger/standalone/3.0.18-x86_64-ruby1.9.3-linux-gcc4.6.3-1002/support/lib/phusion_passenger/rack/application_spawner.rb:225:in `load_rack_app'
	from /home/magic/.passenger/standalone/3.0.18-x86_64-ruby1.9.3-linux-gcc4.6.3-1002/support/lib/phusion_passenger/rack/application_spawner.rb:157:in `block in initialize_server'
	from /home/magic/.passenger/standalone/3.0.18-x86_64-ruby1.9.3-linux-gcc4.6.3-1002/support/lib/phusion_passenger/utils.rb:563:in `report_app_init_status'
	from /home/magic/.passenger/standalone/3.0.18-x86_64-ruby1.9.3-linux-gcc4.6.3-1002/support/lib/phusion_passenger/rack/application_spawner.rb:154:in `initialize_server'
	from /home/magic/.passenger/standalone/3.0.18-x86_64-ruby1.9.3-linux-gcc4.6.3-1002/support/lib/phusion_passenger/abstract_server.rb:204:in `start_synchronously'
	from /home/magic/.passenger/standalone/3.0.18-x86_64-ruby1.9.3-linux-gcc4.6.3-1002/support/lib/phusion_passenger/abstract_server.rb:180:in `start'
	from /home/magic/.passenger/standalone/3.0.18-x86_64-ruby1.9.3-linux-gcc4.6.3-1002/support/lib/phusion_passenger/rack/application_spawner.rb:129:in `start'
	from /home/magic/.passenger/standalone/3.0.18-x86_64-ruby1.9.3-linux-gcc4.6.3-1002/support/lib/phusion_passenger/spawn_manager.rb:253:in `block (2 levels) in spawn_rack_application'
	from /home/magic/.passenger/standalone/3.0.18-x86_64-ruby1.9.3-linux-gcc4.6.3-1002/support/lib/phusion_passenger/abstract_server_collection.rb:132:in `lookup_or_add'
	from /home/magic/.passenger/standalone/3.0.18-x86_64-ruby1.9.3-linux-gcc4.6.3-1002/support/lib/phusion_passenger/spawn_manager.rb:246:in `block in spawn_rack_application'
	from /home/magic/.passenger/standalone/3.0.18-x86_64-ruby1.9.3-linux-gcc4.6.3-1002/support/lib/phusion_passenger/abstract_server_collection.rb:82:in `block in synchronize'
	from <internal:prelude>:10:in `synchronize'
	from /home/magic/.passenger/standalone/3.0.18-x86_64-ruby1.9.3-linux-gcc4.6.3-1002/support/lib/phusion_passenger/abstract_server_collection.rb:79:in `synchronize'
	from /home/magic/.passenger/standalone/3.0.18-x86_64-ruby1.9.3-linux-gcc4.6.3-1002/support/lib/phusion_passenger/spawn_manager.rb:244:in `spawn_rack_application'
	from /home/magic/.passenger/standalone/3.0.18-x86_64-ruby1.9.3-linux-gcc4.6.3-1002/support/lib/phusion_passenger/spawn_manager.rb:137:in `spawn_application'
	from /home/magic/.passenger/standalone/3.0.18-x86_64-ruby1.9.3-linux-gcc4.6.3-1002/support/lib/phusion_passenger/spawn_manager.rb:275:in `handle_spawn_application'
	from /home/magic/.passenger/standalone/3.0.18-x86_64-ruby1.9.3-linux-gcc4.6.3-1002/support/lib/phusion_passenger/abstract_server.rb:357:in `server_main_loop'
	from /home/magic/.passenger/standalone/3.0.18-x86_64-ruby1.9.3-linux-gcc4.6.3-1002/support/lib/phusion_passenger/abstract_server.rb:206:in `start_synchronously'
	from /home/magic/.passenger/standalone/3.0.18-x86_64-ruby1.9.3-linux-gcc4.6.3-1002/support/helper-scripts/passenger-spawn-server:99:in `<main>'
/home/magic/.passenger/standalone/3.0.18-x86_64-ruby1.9.3-linux-gcc4.6.3-1002/support/lib/phusion_passenger/platform_info/operating_system.rb:98: warning: Insecure world writable dir /home/magic/tools/apache-maven-3.0.4/bin in PATH, mode 040777
/home/magic/.passenger/standalone/3.0.18-x86_64-ruby1.9.3-linux-gcc4.6.3-1002/support/lib/phusion_passenger/platform_info/operating_system.rb:98: warning: Insecure world writable dir /home/magic/tools/apache-maven-3.0.4/bin in PATH, mode 040777
/home/magic/.passenger/standalone/3.0.18-x86_64-ruby1.9.3-linux-gcc4.6.3-1002/support/lib/phusion_passenger/platform_info/operating_system.rb:98: warning: Insecure world writable dir /home/magic/tools/apache-maven-3.0.4/bin in PATH, mode 040777
[ pid=7419 thr=140393161041664 file=ext/nginx/HelperAgent.cpp:923 time=2012-12-20 00:38:49.893 ]: Couldn't forward the HTTP response back to the HTTP client: It seems the user clicked on the 'Stop' button in his browser.
/home/magic/.passenger/standalone/3.0.18-x86_64-ruby1.9.3-linux-gcc4.6.3-1002/support/lib/phusion_passenger/platform_info/operating_system.rb:98: warning: Insecure world writable dir /home/magic/tools/apache-maven-3.0.4/bin in PATH, mode 040777
/home/magic/.passenger/standalone/3.0.18-x86_64-ruby1.9.3-linux-gcc4.6.3-1002/support/lib/phusion_passenger/platform_info/operating_system.rb:98: warning: Insecure world writable dir /home/magic/tools/apache-maven-3.0.4/bin in PATH, mode 040777
/home/magic/.passenger/standalone/3.0.18-x86_64-ruby1.9.3-linux-gcc4.6.3-1002/support/lib/phusion_passenger/platform_info/operating_system.rb:98: warning: Insecure world writable dir /home/magic/tools/apache-maven-3.0.4/bin in PATH, mode 040777
password=niu520publisherUuid=5a38b99e-576c-48b3-a383-facf7fc86505site=sohuminiblogsummary=aaaaaaaaaaaatitle=test share api v2ts=1356424068000url=http://www.bshare.cnusername=sanford091@qq.com7ec6e6a0-d15e-42d7-9d0a-d0ca2b246ebb
password=niu520publisherUuid=5a38b99e-576c-48b3-a383-facf7fc86505site=sohuminiblogsummary=aaaaaaaaaaaatitle=test share api v2ts=1356424084000url=http://www.bshare.cnusername=sanford091@qq.com7ec6e6a0-d15e-42d7-9d0a-d0ca2b246ebb
password=niu520publisherUuid=5a38b99e-576c-48b3-a383-facf7fc86505site=sohuminiblogsummary=aaaaaaaaaaaatitle=test share api v2ts=1356424150000url=http://www.bshare.cnusername=sanford091@qq.com7ec6e6a0-d15e-42d7-9d0a-d0ca2b246ebb
password=niu520publisherUuid=5a38b99e-576c-48b3-a383-facf7fc86505site=sohuminiblogsummary=aaaaaaaaaaaatitle=test share api v2ts=1356424397000url=http://www.bshare.cnusername=sanford091@qq.com7ec6e6a0-d15e-42d7-9d0a-d0ca2b246ebb
password=niu520publisherUuid=e2272e96-311e-493a-ac48-4f4d31e58af9site=sohuminiblogsummary=aaaaaaaaaaaatitle=test share api v2ts=1356424475000url=http://www.bshare.cnusername=sanford091@qq.com3037299e-3932-45f9-8a8c-cc93e249c117
password=niu520publisherUuid=e2272e96-311e-493a-ac48-4f4d31e58af9site=sohuminiblogsummary=aaaaaaaaaaaatitle=test share api v2ts=1356424479000url=http://www.bshare.cnusername=sanford091@qq.com3037299e-3932-45f9-8a8c-cc93e249c117
password=niu520publisherUuid=e2272e96-311e-493a-ac48-4f4d31e58af9site=sohuminiblogsummary=aaaaaaaaaaaatitle=test share api v2ts=1356424667000url=http://www.bshare.cnusername=sanford091@qq.com3037299e-3932-45f9-8a8c-cc93e249c117
password=niu520publisherUuid=e2272e96-311e-493a-ac48-4f4d31e58af9site=sohuminiblogsummary=aaaaaaaaaaaatitle=test share api v2ts=1356424673000url=http://www.bshare.cnusername=sanford091@qq.com3037299e-3932-45f9-8a8c-cc93e249c117
password=niu520publisherUuid=5a38b99e-576c-48b3-a383-facf7fc86505site=sohuminiblogsummary=aaaaaaaaaaaatitle=test share api v2ts=1356424675000url=http://www.bshare.cnusername=sanford091@qq.com7ec6e6a0-d15e-42d7-9d0a-d0ca2b246ebb
password=niu520publisherUuid=5a38b99e-576c-48b3-a383-facf7fc86505site=sohuminiblogsummary=aaaaaaaaaaaatitle=test share api v2ts=1356427864000url=http://www.bshare.cnusername=sanford091@qq.com7ec6e6a0-d15e-42d7-9d0a-d0ca2b246ebb
/home/magic/.passenger/standalone/3.0.18-x86_64-ruby1.9.3-linux-gcc4.6.3-1002/support/lib/phusion_passenger/platform_info/operating_system.rb:98: warning: Insecure world writable dir /home/magic/tools/apache-maven-3.0.4/bin in PATH, mode 040777
password=niu520publisherUuid=e2272e96-311e-493a-ac48-4f4d31e58af9site=sohuminiblogsummary=aaaaaaaaaaaatitle=test share api v2ts=1356430924000url=http://www.bshare.cnusername=sanford091@qq.com3037299e-3932-45f9-8a8c-cc93e249c117
password=niu520publisherUuid=e2272e96-311e-493a-ac48-4f4d31e58af9site=kaixin001summary=aaaaaaaaaaaatitle=test share api v2ts=1356430924000url=http://www.bshare.cnusername=sanford091@qq.com3037299e-3932-45f9-8a8c-cc93e249c117
/home/magic/.passenger/standalone/3.0.18-x86_64-ruby1.9.3-linux-gcc4.6.3-1002/support/lib/phusion_passenger/platform_info/operating_system.rb:98: warning: Insecure world writable dir /home/magic/tools/apache-maven-3.0.4/bin in PATH, mode 040777
/home/magic/.passenger/standalone/3.0.18-x86_64-ruby1.9.3-linux-gcc4.6.3-1002/support/lib/phusion_passenger/platform_info/operating_system.rb:98: warning: Insecure world writable dir /home/magic/tools/apache-maven-3.0.4/bin in PATH, mode 040777
/home/magic/.passenger/standalone/3.0.18-x86_64-ruby1.9.3-linux-gcc4.6.3-1002/support/lib/phusion_passenger/platform_info/operating_system.rb:98: warning: Insecure world writable dir /home/magic/tools/apache-maven-3.0.4/bin in PATH, mode 040777
/home/magic/.passenger/standalone/3.0.18-x86_64-ruby1.9.3-linux-gcc4.6.3-1002/support/lib/phusion_passenger/platform_info/operating_system.rb:98: warning: Insecure world writable dir /home/magic/tools/apache-maven-3.0.4/bin in PATH, mode 040777
/home/magic/.passenger/standalone/3.0.18-x86_64-ruby1.9.3-linux-gcc4.6.3-1002/support/lib/phusion_passenger/platform_info/operating_system.rb:98: warning: Insecure world writable dir /home/magic/tools/apache-maven-3.0.4/bin in PATH, mode 040777
/home/magic/.passenger/standalone/3.0.18-x86_64-ruby1.9.3-linux-gcc4.6.3-1002/support/lib/phusion_passenger/platform_info/operating_system.rb:98: warning: Insecure world writable dir /home/magic/tools/apache-maven-3.0.4/bin in PATH, mode 040777
/home/magic/.passenger/standalone/3.0.18-x86_64-ruby1.9.3-linux-gcc4.6.3-1002/support/lib/phusion_passenger/platform_info/operating_system.rb:98: warning: Insecure world writable dir /home/magic/tools/apache-maven-3.0.4/bin in PATH, mode 040777
/home/magic/.passenger/standalone/3.0.18-x86_64-ruby1.9.3-linux-gcc4.6.3-1002/support/lib/phusion_passenger/platform_info/operating_system.rb:98: warning: Insecure world writable dir /home/magic/tools/apache-maven-3.0.4/bin in PATH, mode 040777
/home/magic/.passenger/standalone/3.0.18-x86_64-ruby1.9.3-linux-gcc4.6.3-1002/support/lib/phusion_passenger/platform_info/operating_system.rb:98: warning: Insecure world writable dir /home/magic/tools/apache-maven-3.0.4/bin in PATH, mode 040777
[ pid=18711 thr=11724780 file=utils.rb:176 time=2013-02-06 15:20:52.539 ]: *** Exception PhusionPassenger::UnknownError in PhusionPassenger::Rack::ApplicationSpawner (Could not find bootstrap-sass-2.1.0.1 in any of the sources (Bundler::GemNotFound)) (process 18711, thread #<Thread:0x0000000165cfd8>):
	from /home/magic/.rvm/gems/ruby-1.9.3-p194@global/gems/bundler-1.2.1/lib/bundler/spec_set.rb:90:in `block in materialize'
	from /home/magic/.rvm/gems/ruby-1.9.3-p194@global/gems/bundler-1.2.1/lib/bundler/spec_set.rb:83:in `map!'
	from /home/magic/.rvm/gems/ruby-1.9.3-p194@global/gems/bundler-1.2.1/lib/bundler/spec_set.rb:83:in `materialize'
	from /home/magic/.rvm/gems/ruby-1.9.3-p194@global/gems/bundler-1.2.1/lib/bundler/definition.rb:113:in `specs'
	from /home/magic/.rvm/gems/ruby-1.9.3-p194@global/gems/bundler-1.2.1/lib/bundler/definition.rb:158:in `specs_for'
	from /home/magic/.rvm/gems/ruby-1.9.3-p194@global/gems/bundler-1.2.1/lib/bundler/definition.rb:147:in `requested_specs'
	from /home/magic/.rvm/gems/ruby-1.9.3-p194@global/gems/bundler-1.2.1/lib/bundler/environment.rb:23:in `requested_specs'
	from /home/magic/.rvm/gems/ruby-1.9.3-p194@global/gems/bundler-1.2.1/lib/bundler/runtime.rb:11:in `setup'
	from /home/magic/.rvm/gems/ruby-1.9.3-p194@global/gems/bundler-1.2.1/lib/bundler.rb:116:in `setup'
	from /home/magic/.passenger/standalone/3.0.18-x86_64-ruby1.9.3-linux-gcc4.6.3-1002/support/lib/phusion_passenger/utils.rb:326:in `prepare_app_process'
	from /home/magic/.passenger/standalone/3.0.18-x86_64-ruby1.9.3-linux-gcc4.6.3-1002/support/lib/phusion_passenger/rack/application_spawner.rb:156:in `block in initialize_server'
	from /home/magic/.passenger/standalone/3.0.18-x86_64-ruby1.9.3-linux-gcc4.6.3-1002/support/lib/phusion_passenger/utils.rb:563:in `report_app_init_status'
	from /home/magic/.passenger/standalone/3.0.18-x86_64-ruby1.9.3-linux-gcc4.6.3-1002/support/lib/phusion_passenger/rack/application_spawner.rb:154:in `initialize_server'
	from /home/magic/.passenger/standalone/3.0.18-x86_64-ruby1.9.3-linux-gcc4.6.3-1002/support/lib/phusion_passenger/abstract_server.rb:204:in `start_synchronously'
	from /home/magic/.passenger/standalone/3.0.18-x86_64-ruby1.9.3-linux-gcc4.6.3-1002/support/lib/phusion_passenger/abstract_server.rb:180:in `start'
	from /home/magic/.passenger/standalone/3.0.18-x86_64-ruby1.9.3-linux-gcc4.6.3-1002/support/lib/phusion_passenger/rack/application_spawner.rb:129:in `start'
	from /home/magic/.passenger/standalone/3.0.18-x86_64-ruby1.9.3-linux-gcc4.6.3-1002/support/lib/phusion_passenger/spawn_manager.rb:253:in `block (2 levels) in spawn_rack_application'
	from /home/magic/.passenger/standalone/3.0.18-x86_64-ruby1.9.3-linux-gcc4.6.3-1002/support/lib/phusion_passenger/abstract_server_collection.rb:132:in `lookup_or_add'
	from /home/magic/.passenger/standalone/3.0.18-x86_64-ruby1.9.3-linux-gcc4.6.3-1002/support/lib/phusion_passenger/spawn_manager.rb:246:in `block in spawn_rack_application'
	from /home/magic/.passenger/standalone/3.0.18-x86_64-ruby1.9.3-linux-gcc4.6.3-1002/support/lib/phusion_passenger/abstract_server_collection.rb:82:in `block in synchronize'
	from <internal:prelude>:10:in `synchronize'
	from /home/magic/.passenger/standalone/3.0.18-x86_64-ruby1.9.3-linux-gcc4.6.3-1002/support/lib/phusion_passenger/abstract_server_collection.rb:79:in `synchronize'
	from /home/magic/.passenger/standalone/3.0.18-x86_64-ruby1.9.3-linux-gcc4.6.3-1002/support/lib/phusion_passenger/spawn_manager.rb:244:in `spawn_rack_application'
	from /home/magic/.passenger/standalone/3.0.18-x86_64-ruby1.9.3-linux-gcc4.6.3-1002/support/lib/phusion_passenger/spawn_manager.rb:137:in `spawn_application'
	from /home/magic/.passenger/standalone/3.0.18-x86_64-ruby1.9.3-linux-gcc4.6.3-1002/support/lib/phusion_passenger/spawn_manager.rb:275:in `handle_spawn_application'
	from /home/magic/.passenger/standalone/3.0.18-x86_64-ruby1.9.3-linux-gcc4.6.3-1002/support/lib/phusion_passenger/abstract_server.rb:357:in `server_main_loop'
	from /home/magic/.passenger/standalone/3.0.18-x86_64-ruby1.9.3-linux-gcc4.6.3-1002/support/lib/phusion_passenger/abstract_server.rb:206:in `start_synchronously'
	from /home/magic/.passenger/standalone/3.0.18-x86_64-ruby1.9.3-linux-gcc4.6.3-1002/support/helper-scripts/passenger-spawn-server:99:in `<main>'
[ pid=18711 thr=11724780 file=utils.rb:176 time=2013-02-06 15:22:15.587 ]: *** Exception PhusionPassenger::UnknownError in PhusionPassenger::Rack::ApplicationSpawner (Could not find bootstrap-sass-2.1.0.1 in any of the sources (Bundler::GemNotFound)) (process 18711, thread #<Thread:0x0000000165cfd8>):
	from /home/magic/.rvm/gems/ruby-1.9.3-p194@global/gems/bundler-1.2.1/lib/bundler/spec_set.rb:90:in `block in materialize'
	from /home/magic/.rvm/gems/ruby-1.9.3-p194@global/gems/bundler-1.2.1/lib/bundler/spec_set.rb:83:in `map!'
	from /home/magic/.rvm/gems/ruby-1.9.3-p194@global/gems/bundler-1.2.1/lib/bundler/spec_set.rb:83:in `materialize'
	from /home/magic/.rvm/gems/ruby-1.9.3-p194@global/gems/bundler-1.2.1/lib/bundler/definition.rb:113:in `specs'
	from /home/magic/.rvm/gems/ruby-1.9.3-p194@global/gems/bundler-1.2.1/lib/bundler/definition.rb:158:in `specs_for'
	from /home/magic/.rvm/gems/ruby-1.9.3-p194@global/gems/bundler-1.2.1/lib/bundler/definition.rb:147:in `requested_specs'
	from /home/magic/.rvm/gems/ruby-1.9.3-p194@global/gems/bundler-1.2.1/lib/bundler/environment.rb:23:in `requested_specs'
	from /home/magic/.rvm/gems/ruby-1.9.3-p194@global/gems/bundler-1.2.1/lib/bundler/runtime.rb:11:in `setup'
	from /home/magic/.rvm/gems/ruby-1.9.3-p194@global/gems/bundler-1.2.1/lib/bundler.rb:116:in `setup'
	from /home/magic/.passenger/standalone/3.0.18-x86_64-ruby1.9.3-linux-gcc4.6.3-1002/support/lib/phusion_passenger/utils.rb:326:in `prepare_app_process'
	from /home/magic/.passenger/standalone/3.0.18-x86_64-ruby1.9.3-linux-gcc4.6.3-1002/support/lib/phusion_passenger/rack/application_spawner.rb:156:in `block in initialize_server'
	from /home/magic/.passenger/standalone/3.0.18-x86_64-ruby1.9.3-linux-gcc4.6.3-1002/support/lib/phusion_passenger/utils.rb:563:in `report_app_init_status'
	from /home/magic/.passenger/standalone/3.0.18-x86_64-ruby1.9.3-linux-gcc4.6.3-1002/support/lib/phusion_passenger/rack/application_spawner.rb:154:in `initialize_server'
	from /home/magic/.passenger/standalone/3.0.18-x86_64-ruby1.9.3-linux-gcc4.6.3-1002/support/lib/phusion_passenger/abstract_server.rb:204:in `start_synchronously'
	from /home/magic/.passenger/standalone/3.0.18-x86_64-ruby1.9.3-linux-gcc4.6.3-1002/support/lib/phusion_passenger/abstract_server.rb:180:in `start'
	from /home/magic/.passenger/standalone/3.0.18-x86_64-ruby1.9.3-linux-gcc4.6.3-1002/support/lib/phusion_passenger/rack/application_spawner.rb:129:in `start'
	from /home/magic/.passenger/standalone/3.0.18-x86_64-ruby1.9.3-linux-gcc4.6.3-1002/support/lib/phusion_passenger/spawn_manager.rb:253:in `block (2 levels) in spawn_rack_application'
	from /home/magic/.passenger/standalone/3.0.18-x86_64-ruby1.9.3-linux-gcc4.6.3-1002/support/lib/phusion_passenger/abstract_server_collection.rb:132:in `lookup_or_add'
	from /home/magic/.passenger/standalone/3.0.18-x86_64-ruby1.9.3-linux-gcc4.6.3-1002/support/lib/phusion_passenger/spawn_manager.rb:246:in `block in spawn_rack_application'
	from /home/magic/.passenger/standalone/3.0.18-x86_64-ruby1.9.3-linux-gcc4.6.3-1002/support/lib/phusion_passenger/abstract_server_collection.rb:82:in `block in synchronize'
	from <internal:prelude>:10:in `synchronize'
	from /home/magic/.passenger/standalone/3.0.18-x86_64-ruby1.9.3-linux-gcc4.6.3-1002/support/lib/phusion_passenger/abstract_server_collection.rb:79:in `synchronize'
	from /home/magic/.passenger/standalone/3.0.18-x86_64-ruby1.9.3-linux-gcc4.6.3-1002/support/lib/phusion_passenger/spawn_manager.rb:244:in `spawn_rack_application'
	from /home/magic/.passenger/standalone/3.0.18-x86_64-ruby1.9.3-linux-gcc4.6.3-1002/support/lib/phusion_passenger/spawn_manager.rb:137:in `spawn_application'
	from /home/magic/.passenger/standalone/3.0.18-x86_64-ruby1.9.3-linux-gcc4.6.3-1002/support/lib/phusion_passenger/spawn_manager.rb:275:in `handle_spawn_application'
	from /home/magic/.passenger/standalone/3.0.18-x86_64-ruby1.9.3-linux-gcc4.6.3-1002/support/lib/phusion_passenger/abstract_server.rb:357:in `server_main_loop'
	from /home/magic/.passenger/standalone/3.0.18-x86_64-ruby1.9.3-linux-gcc4.6.3-1002/support/lib/phusion_passenger/abstract_server.rb:206:in `start_synchronously'
	from /home/magic/.passenger/standalone/3.0.18-x86_64-ruby1.9.3-linux-gcc4.6.3-1002/support/helper-scripts/passenger-spawn-server:99:in `<main>'
/home/magic/.passenger/standalone/3.0.18-x86_64-ruby1.9.3-linux-gcc4.6.3-1002/support/lib/phusion_passenger/platform_info/operating_system.rb:98: warning: Insecure world writable dir /home/magic/tools/apache-maven-3.0.4/bin in PATH, mode 040777
/home/magic/.passenger/standalone/3.0.18-x86_64-ruby1.9.3-linux-gcc4.6.3-1002/support/lib/phusion_passenger/platform_info/operating_system.rb:98: warning: Insecure world writable dir /home/magic/tools/apache-maven-3.0.4/bin in PATH, mode 040777
/home/magic/.passenger/standalone/3.0.18-x86_64-ruby1.9.3-linux-gcc4.6.3-1002/support/lib/phusion_passenger/platform_info/operating_system.rb:98: warning: Insecure world writable dir /home/magic/tools/apache-maven-3.0.4/bin in PATH, mode 040777
/home/magic/.passenger/standalone/3.0.18-x86_64-ruby1.9.3-linux-gcc4.6.3-1002/support/lib/phusion_passenger/platform_info/operating_system.rb:98: warning: Insecure world writable dir /home/magic/tools/apache-maven-3.0.4/bin in PATH, mode 040777
/home/magic/.passenger/standalone/3.0.18-x86_64-ruby1.9.3-linux-gcc4.6.3-1002/support/lib/phusion_passenger/platform_info/operating_system.rb:98: warning: Insecure world writable dir /home/magic/tools/apache-maven-3.0.4/bin in PATH, mode 040777
